                              1 ;--------------------------------------------------------
                              2 ; File Created by SDCC : free open source ANSI-C Compiler
                              3 ; Version 3.5.5 #9498 (Mac OS X x86_64)
                              4 ;--------------------------------------------------------
                              5 	.module keyboard
                              6 	.optsdcc -mz80
                              7 	
                              8 ;--------------------------------------------------------
                              9 ; Public variables in this module
                             10 ;--------------------------------------------------------
                             11 	.globl _drawText
                             12 	.globl _strlen
                             13 	.globl _cpct_getScreenPtr
                             14 	.globl _cpct_drawSolidBox
                             15 	.globl _cpct_px2byteM0
                             16 	.globl _cpct_isAnyKeyPressed_f
                             17 	.globl _cpct_isAnyKeyPressed
                             18 	.globl _cpct_isKeyPressed
                             19 	.globl _cpct_scanKeyboard_f
                             20 	.globl _cpct_scanKeyboard
                             21 	.globl _wait4UserKeypress
                             22 	.globl _esperaUnaTecla
                             23 	.globl _waitKeyUp
                             24 	.globl _wait4Key
                             25 	.globl _redefineKey
                             26 ;--------------------------------------------------------
                             27 ; special function registers
                             28 ;--------------------------------------------------------
                             29 ;--------------------------------------------------------
                             30 ; ram data
                             31 ;--------------------------------------------------------
                             32 	.area _DATA
                             33 ;--------------------------------------------------------
                             34 ; ram data
                             35 ;--------------------------------------------------------
                             36 	.area _INITIALIZED
                             37 ;--------------------------------------------------------
                             38 ; absolute external ram data
                             39 ;--------------------------------------------------------
                             40 	.area _DABS (ABS)
                             41 ;--------------------------------------------------------
                             42 ; global & static initialisations
                             43 ;--------------------------------------------------------
                             44 	.area _HOME
                             45 	.area _GSINIT
                             46 	.area _GSFINAL
                             47 	.area _GSINIT
                             48 ;--------------------------------------------------------
                             49 ; Home
                             50 ;--------------------------------------------------------
                             51 	.area _HOME
                             52 	.area _HOME
                             53 ;--------------------------------------------------------
                             54 ; code
                             55 ;--------------------------------------------------------
                             56 	.area _CODE
                             57 ;src/utils/keyboard.c:32: u32 wait4UserKeypress() {
                             58 ;	---------------------------------
                             59 ; Function wait4UserKeypress
                             60 ; ---------------------------------
   0000                      61 _wait4UserKeypress::
                             62 ;src/utils/keyboard.c:36: do {
   0000 21 00 00      [10]   63 	ld	hl,#0x0000
   0003 5D            [ 4]   64 	ld	e,l
   0004 54            [ 4]   65 	ld	d,h
   0005                      66 00101$:
                             67 ;src/utils/keyboard.c:37: c++;                       // One more cycle
   0005 2C            [ 4]   68 	inc	l
   0006 20 07         [12]   69 	jr	NZ,00115$
   0008 24            [ 4]   70 	inc	h
   0009 20 04         [12]   71 	jr	NZ,00115$
   000B 1C            [ 4]   72 	inc	e
   000C 20 01         [12]   73 	jr	NZ,00115$
   000E 14            [ 4]   74 	inc	d
   000F                      75 00115$:
                             76 ;src/utils/keyboard.c:38: cpct_scanKeyboard_f();     // Scan the scan the keyboard
   000F E5            [11]   77 	push	hl
   0010 D5            [11]   78 	push	de
   0011 CDr00r00      [17]   79 	call	_cpct_scanKeyboard_f
   0014 CDr00r00      [17]   80 	call	_cpct_isAnyKeyPressed_f
   0017 7D            [ 4]   81 	ld	a,l
   0018 D1            [10]   82 	pop	de
   0019 E1            [10]   83 	pop	hl
   001A B7            [ 4]   84 	or	a, a
   001B 28 E8         [12]   85 	jr	Z,00101$
                             86 ;src/utils/keyboard.c:41: return c;
   001D C9            [10]   87 	ret
                             88 ;src/utils/keyboard.c:45: cpct_keyID esperaUnaTecla() {
                             89 ;	---------------------------------
                             90 ; Function esperaUnaTecla
                             91 ; ---------------------------------
   001E                      92 _esperaUnaTecla::
   001E DD E5         [15]   93 	push	ix
   0020 DD 21 00 00   [14]   94 	ld	ix,#0
   0024 DD 39         [15]   95 	add	ix,sp
   0026 F5            [11]   96 	push	af
                             97 ;src/utils/keyboard.c:48: u8 i = 10, *keys = cpct_keyboardStatusBuffer + 9;
   0027 16 0A         [ 7]   98 	ld	d,#0x0A
                             99 ;src/utils/keyboard.c:52: do { cpct_scanKeyboard(); } while ( ! cpct_isAnyKeyPressed() );
   0029                     100 00101$:
   0029 D5            [11]  101 	push	de
   002A CDr00r00      [17]  102 	call	_cpct_scanKeyboard
   002D CDr00r00      [17]  103 	call	_cpct_isAnyKeyPressed
   0030 D1            [10]  104 	pop	de
   0031 7D            [ 4]  105 	ld	a,l
   0032 B7            [ 4]  106 	or	a, a
   0033 28 F4         [12]  107 	jr	Z,00101$
                            108 ;src/utils/keyboard.c:55: do {
   0035 01r09r00      [10]  109 	ld	bc,#(_cpct_keyboardStatusBuffer + 0x0009)
   0038 1E 0A         [ 7]  110 	ld	e,#0x0A
   003A                     111 00106$:
                            112 ;src/utils/keyboard.c:58: keypressed = *keys ^ 0xFF;
   003A 0A            [ 7]  113 	ld	a,(bc)
   003B EE FF         [ 7]  114 	xor	a, #0xFF
   003D DD 77 FE      [19]  115 	ld	-2 (ix),a
   0040 DD 36 FF 00   [19]  116 	ld	-1 (ix),#0x00
                            117 ;src/utils/keyboard.c:60: return (keypressed << 8) + (i - 1);  // Formato cpct_keyID: 8 primeros bits = máscara de tecla, 8 siguientes fila del teclado (0-9)
   0044 DD 66 FE      [19]  118 	ld	h,-2 (ix)
   0047 2E 00         [ 7]  119 	ld	l,#0x00
                            120 ;src/utils/keyboard.c:59: if (keypressed)
   0049 DD 7E FF      [19]  121 	ld	a,-1 (ix)
   004C DD B6 FE      [19]  122 	or	a,-2 (ix)
   004F 28 07         [12]  123 	jr	Z,00105$
                            124 ;src/utils/keyboard.c:60: return (keypressed << 8) + (i - 1);  // Formato cpct_keyID: 8 primeros bits = máscara de tecla, 8 siguientes fila del teclado (0-9)
   0051 4A            [ 4]  125 	ld	c,d
   0052 06 00         [ 7]  126 	ld	b,#0x00
   0054 0B            [ 6]  127 	dec	bc
   0055 09            [11]  128 	add	hl,bc
   0056 18 0A         [12]  129 	jr	00109$
   0058                     130 00105$:
                            131 ;src/utils/keyboard.c:61: keys--;
   0058 0B            [ 6]  132 	dec	bc
                            133 ;src/utils/keyboard.c:62: } while (--i);
   0059 1D            [ 4]  134 	dec	e
   005A 7B            [ 4]  135 	ld	a,e
   005B 57            [ 4]  136 	ld	d,a
                            137 ;src/utils/keyboard.c:63: return (keypressed << 8) + (i - 1);
   005C B7            [ 4]  138 	or	a,a
   005D 20 DB         [12]  139 	jr	NZ,00106$
   005F 57            [ 4]  140 	ld	d,a
   0060 1B            [ 6]  141 	dec	de
   0061 19            [11]  142 	add	hl,de
   0062                     143 00109$:
   0062 DD F9         [10]  144 	ld	sp, ix
   0064 DD E1         [14]  145 	pop	ix
   0066 C9            [10]  146 	ret
                            147 ;src/utils/keyboard.c:66: void waitKeyUp(cpct_keyID key) {
                            148 ;	---------------------------------
                            149 ; Function waitKeyUp
                            150 ; ---------------------------------
   0067                     151 _waitKeyUp::
                            152 ;src/utils/keyboard.c:68: while (cpct_isKeyPressed(key)) {
   0067                     153 00101$:
   0067 C1            [10]  154 	pop	bc
   0068 E1            [10]  155 	pop	hl
   0069 E5            [11]  156 	push	hl
   006A C5            [11]  157 	push	bc
   006B CDr00r00      [17]  158 	call	_cpct_isKeyPressed
   006E 7D            [ 4]  159 	ld	a,l
   006F B7            [ 4]  160 	or	a, a
   0070 C8            [11]  161 	ret	Z
                            162 ;src/utils/keyboard.c:69: cpct_scanKeyboard_f();
   0071 CDr00r00      [17]  163 	call	_cpct_scanKeyboard_f
   0074 18 F1         [12]  164 	jr	00101$
                            165 ;src/utils/keyboard.c:73: void wait4Key(cpct_keyID key) {
                            166 ;	---------------------------------
                            167 ; Function wait4Key
                            168 ; ---------------------------------
   0076                     169 _wait4Key::
                            170 ;src/utils/keyboard.c:74: do
   0076                     171 00101$:
                            172 ;src/utils/keyboard.c:75: cpct_scanKeyboard_f();
   0076 CDr00r00      [17]  173 	call	_cpct_scanKeyboard_f
                            174 ;src/utils/keyboard.c:76: while ( ! cpct_isKeyPressed(key) );
   0079 C1            [10]  175 	pop	bc
   007A E1            [10]  176 	pop	hl
   007B E5            [11]  177 	push	hl
   007C C5            [11]  178 	push	bc
   007D CDr00r00      [17]  179 	call	_cpct_isKeyPressed
   0080 7D            [ 4]  180 	ld	a,l
   0081 B7            [ 4]  181 	or	a, a
   0082 28 F2         [12]  182 	jr	Z,00101$
                            183 ;src/utils/keyboard.c:77: do
   0084                     184 00104$:
                            185 ;src/utils/keyboard.c:78: cpct_scanKeyboard_f();
   0084 CDr00r00      [17]  186 	call	_cpct_scanKeyboard_f
                            187 ;src/utils/keyboard.c:79: while ( cpct_isKeyPressed(key) );
   0087 C1            [10]  188 	pop	bc
   0088 E1            [10]  189 	pop	hl
   0089 E5            [11]  190 	push	hl
   008A C5            [11]  191 	push	bc
   008B CDr00r00      [17]  192 	call	_cpct_isKeyPressed
   008E 7D            [ 4]  193 	ld	a,l
   008F B7            [ 4]  194 	or	a, a
   0090 20 F2         [12]  195 	jr	NZ,00104$
   0092 C9            [10]  196 	ret
                            197 ;src/utils/keyboard.c:82: cpct_keyID redefineKey(u8 text[]) {
                            198 ;	---------------------------------
                            199 ; Function redefineKey
                            200 ; ---------------------------------
   0093                     201 _redefineKey::
                            202 ;src/utils/keyboard.c:87: u8* pvideo = cpct_getScreenPtr(CPCT_VMEM_START, 39 - 10 * FONT_W, 144);
   0093 21 09 90      [10]  203 	ld	hl,#0x9009
   0096 E5            [11]  204 	push	hl
   0097 21 00 C0      [10]  205 	ld	hl,#0xC000
   009A E5            [11]  206 	push	hl
   009B CDr00r00      [17]  207 	call	_cpct_getScreenPtr
                            208 ;src/utils/keyboard.c:88: cpct_drawSolidBox(pvideo, cpct_px2byteM0(5,5), 15 * FONT_W, FONT_H);
   009E E5            [11]  209 	push	hl
   009F 21 05 05      [10]  210 	ld	hl,#0x0505
   00A2 E5            [11]  211 	push	hl
   00A3 CDr00r00      [17]  212 	call	_cpct_px2byteM0
   00A6 55            [ 4]  213 	ld	d,l
   00A7 C1            [10]  214 	pop	bc
   00A8 21 2D 0B      [10]  215 	ld	hl,#0x0B2D
   00AB E5            [11]  216 	push	hl
   00AC D5            [11]  217 	push	de
   00AD 33            [ 6]  218 	inc	sp
   00AE C5            [11]  219 	push	bc
   00AF CDr00r00      [17]  220 	call	_cpct_drawSolidBox
   00B2 F1            [10]  221 	pop	af
   00B3 F1            [10]  222 	pop	af
   00B4 33            [ 6]  223 	inc	sp
                            224 ;src/utils/keyboard.c:90: x = strlen(text);
   00B5 C1            [10]  225 	pop	bc
   00B6 E1            [10]  226 	pop	hl
   00B7 E5            [11]  227 	push	hl
   00B8 C5            [11]  228 	push	bc
   00B9 E5            [11]  229 	push	hl
   00BA CDr00r00      [17]  230 	call	_strlen
   00BD F1            [10]  231 	pop	af
                            232 ;src/utils/keyboard.c:92: drawText(text, 39 - ((x / 2) * FONT_W), 144,1);
   00BE CB 3D         [ 8]  233 	srl	l
   00C0 4D            [ 4]  234 	ld	c,l
   00C1 29            [11]  235 	add	hl, hl
   00C2 09            [11]  236 	add	hl, bc
   00C3 4D            [ 4]  237 	ld	c,l
   00C4 3E 27         [ 7]  238 	ld	a,#0x27
   00C6 91            [ 4]  239 	sub	a, c
   00C7 47            [ 4]  240 	ld	b,a
   00C8 21 90 01      [10]  241 	ld	hl,#0x0190
   00CB E5            [11]  242 	push	hl
   00CC C5            [11]  243 	push	bc
   00CD 33            [ 6]  244 	inc	sp
   00CE 21 05 00      [10]  245 	ld	hl, #5
   00D1 39            [11]  246 	add	hl, sp
   00D2 4E            [ 7]  247 	ld	c, (hl)
   00D3 23            [ 6]  248 	inc	hl
   00D4 46            [ 7]  249 	ld	b, (hl)
   00D5 C5            [11]  250 	push	bc
   00D6 CDr00r00      [17]  251 	call	_drawText
   00D9 F1            [10]  252 	pop	af
   00DA F1            [10]  253 	pop	af
   00DB 33            [ 6]  254 	inc	sp
                            255 ;src/utils/keyboard.c:94: key = esperaUnaTecla();
   00DC CDr1Er00      [17]  256 	call	_esperaUnaTecla
                            257 ;src/utils/keyboard.c:95: waitKeyUp(key);
   00DF E5            [11]  258 	push	hl
   00E0 E5            [11]  259 	push	hl
   00E1 CDr67r00      [17]  260 	call	_waitKeyUp
   00E4 F1            [10]  261 	pop	af
   00E5 E1            [10]  262 	pop	hl
                            263 ;src/utils/keyboard.c:97: return key;
   00E6 C9            [10]  264 	ret
                            265 	.area _CODE
                            266 	.area _INITIALIZER
                            267 	.area _CABS (ABS)
