                              1 ;--------------------------------------------------------
                              2 ; File Created by SDCC : free open source ANSI-C Compiler
                              3 ; Version 3.5.5 #9498 (Mac OS X x86_64)
                              4 ;--------------------------------------------------------
                              5 	.module video
                              6 	.optsdcc -mz80
                              7 	
                              8 ;--------------------------------------------------------
                              9 ; Public variables in this module
                             10 ;--------------------------------------------------------
                             11 	.globl _cpct_getScreenPtr
                             12 	.globl _cpct_setPALColour
                             13 	.globl _cpct_setPalette
                             14 	.globl _cpct_fw2hw
                             15 	.globl _cpct_setVideoMode
                             16 	.globl _cpct_drawSolidBox
                             17 	.globl _cpct_px2byteM0
                             18 	.globl _cpct_memset
                             19 	.globl _cpct_disableFirmware
                             20 	.globl _hc_graphics_palette
                             21 	.globl _setUpVideo
                             22 	.globl _clearScreen
                             23 	.globl _clearWindow
                             24 ;--------------------------------------------------------
                             25 ; special function registers
                             26 ;--------------------------------------------------------
                             27 ;--------------------------------------------------------
                             28 ; ram data
                             29 ;--------------------------------------------------------
                             30 	.area _DATA
                             31 ;--------------------------------------------------------
                             32 ; ram data
                             33 ;--------------------------------------------------------
                             34 	.area _INITIALIZED
                             35 ;--------------------------------------------------------
                             36 ; absolute external ram data
                             37 ;--------------------------------------------------------
                             38 	.area _DABS (ABS)
                             39 ;--------------------------------------------------------
                             40 ; global & static initialisations
                             41 ;--------------------------------------------------------
                             42 	.area _HOME
                             43 	.area _GSINIT
                             44 	.area _GSFINAL
                             45 	.area _GSINIT
                             46 ;--------------------------------------------------------
                             47 ; Home
                             48 ;--------------------------------------------------------
                             49 	.area _HOME
                             50 	.area _HOME
                             51 ;--------------------------------------------------------
                             52 ; code
                             53 ;--------------------------------------------------------
                             54 	.area _CODE
                             55 ;src/utils/video.c:38: void setUpVideo() {
                             56 ;	---------------------------------
                             57 ; Function setUpVideo
                             58 ; ---------------------------------
   0000                      59 _setUpVideo::
                             60 ;src/utils/video.c:41: cpct_disableFirmware();
   0000 CDr00r00      [17]   61 	call	_cpct_disableFirmware
                             62 ;src/utils/video.c:43: cpct_fw2hw(hc_graphics_palette, 16);
   0003 21 10 00      [10]   63 	ld	hl,#0x0010
   0006 E5            [11]   64 	push	hl
   0007 21r2Fr00      [10]   65 	ld	hl,#_hc_graphics_palette
   000A E5            [11]   66 	push	hl
   000B CDr00r00      [17]   67 	call	_cpct_fw2hw
                             68 ;src/utils/video.c:44: cpct_setPalette  (hc_graphics_palette, 16);
   000E 21 10 00      [10]   69 	ld	hl,#0x0010
   0011 E5            [11]   70 	push	hl
   0012 21r2Fr00      [10]   71 	ld	hl,#_hc_graphics_palette
   0015 E5            [11]   72 	push	hl
   0016 CDr00r00      [17]   73 	call	_cpct_setPalette
                             74 ;src/utils/video.c:45: cpct_setBorder(hc_graphics_palette[0]);
   0019 21r2Fr00      [10]   75 	ld	hl, #_hc_graphics_palette + 0
   001C 46            [ 7]   76 	ld	b,(hl)
   001D C5            [11]   77 	push	bc
   001E 33            [ 6]   78 	inc	sp
   001F 3E 10         [ 7]   79 	ld	a,#0x10
   0021 F5            [11]   80 	push	af
   0022 33            [ 6]   81 	inc	sp
   0023 CDr00r00      [17]   82 	call	_cpct_setPALColour
                             83 ;src/utils/video.c:46: cpct_setVideoMode(0);
   0026 2E 00         [ 7]   84 	ld	l,#0x00
   0028 CDr00r00      [17]   85 	call	_cpct_setVideoMode
                             86 ;src/utils/video.c:47: clearScreen();
   002B CDr3Fr00      [17]   87 	call	_clearScreen
   002E C9            [10]   88 	ret
   002F                      89 _hc_graphics_palette:
   002F 00                   90 	.db #0x00	; 0
   0030 01                   91 	.db #0x01	; 1
   0031 0F                   92 	.db #0x0F	; 15
   0032 14                   93 	.db #0x14	; 20
   0033 06                   94 	.db #0x06	; 6
   0034 02                   95 	.db #0x02	; 2
   0035 08                   96 	.db #0x08	; 8
   0036 0A                   97 	.db #0x0A	; 10
   0037 0C                   98 	.db #0x0C	; 12
   0038 0E                   99 	.db #0x0E	; 14
   0039 10                  100 	.db #0x10	; 16
   003A 12                  101 	.db #0x12	; 18
   003B 03                  102 	.db #0x03	; 3
   003C 18                  103 	.db #0x18	; 24
   003D 0B                  104 	.db #0x0B	; 11
   003E 1A                  105 	.db #0x1A	; 26
                            106 ;src/utils/video.c:59: void clearScreen() {
                            107 ;	---------------------------------
                            108 ; Function clearScreen
                            109 ; ---------------------------------
   003F                     110 _clearScreen::
                            111 ;src/utils/video.c:61: cpct_memset(CPCT_VMEM_START, cpct_px2byteM0(0,0), 0x4000);
   003F 21 00 00      [10]  112 	ld	hl,#0x0000
   0042 E5            [11]  113 	push	hl
   0043 CDr00r00      [17]  114 	call	_cpct_px2byteM0
   0046 45            [ 4]  115 	ld	b,l
   0047 21 00 40      [10]  116 	ld	hl,#0x4000
   004A E5            [11]  117 	push	hl
   004B C5            [11]  118 	push	bc
   004C 33            [ 6]  119 	inc	sp
   004D 26 C0         [ 7]  120 	ld	h, #0xC0
   004F E5            [11]  121 	push	hl
   0050 CDr00r00      [17]  122 	call	_cpct_memset
   0053 C9            [10]  123 	ret
                            124 ;src/utils/video.c:72: void clearWindow(u8 xPos, u8 yPos, u8 width, u8 height) {
                            125 ;	---------------------------------
                            126 ; Function clearWindow
                            127 ; ---------------------------------
   0054                     128 _clearWindow::
                            129 ;src/utils/video.c:74: u8* pvideo = cpct_getScreenPtr(CPCT_VMEM_START, xPos, yPos);
   0054 21 03 00      [10]  130 	ld	hl, #3+0
   0057 39            [11]  131 	add	hl, sp
   0058 7E            [ 7]  132 	ld	a, (hl)
   0059 F5            [11]  133 	push	af
   005A 33            [ 6]  134 	inc	sp
   005B 21 03 00      [10]  135 	ld	hl, #3+0
   005E 39            [11]  136 	add	hl, sp
   005F 7E            [ 7]  137 	ld	a, (hl)
   0060 F5            [11]  138 	push	af
   0061 33            [ 6]  139 	inc	sp
   0062 21 00 C0      [10]  140 	ld	hl,#0xC000
   0065 E5            [11]  141 	push	hl
   0066 CDr00r00      [17]  142 	call	_cpct_getScreenPtr
                            143 ;src/utils/video.c:75: cpct_drawSolidBox(pvideo, cpct_px2byteM0(0,0), width, height);
   0069 E5            [11]  144 	push	hl
   006A 21 00 00      [10]  145 	ld	hl,#0x0000
   006D E5            [11]  146 	push	hl
   006E CDr00r00      [17]  147 	call	_cpct_px2byteM0
   0071 55            [ 4]  148 	ld	d,l
   0072 C1            [10]  149 	pop	bc
   0073 21 05 00      [10]  150 	ld	hl, #5+0
   0076 39            [11]  151 	add	hl, sp
   0077 7E            [ 7]  152 	ld	a, (hl)
   0078 F5            [11]  153 	push	af
   0079 33            [ 6]  154 	inc	sp
   007A 21 05 00      [10]  155 	ld	hl, #5+0
   007D 39            [11]  156 	add	hl, sp
   007E 7E            [ 7]  157 	ld	a, (hl)
   007F F5            [11]  158 	push	af
   0080 33            [ 6]  159 	inc	sp
   0081 D5            [11]  160 	push	de
   0082 33            [ 6]  161 	inc	sp
   0083 C5            [11]  162 	push	bc
   0084 CDr00r00      [17]  163 	call	_cpct_drawSolidBox
   0087 F1            [10]  164 	pop	af
   0088 F1            [10]  165 	pop	af
   0089 33            [ 6]  166 	inc	sp
   008A C9            [10]  167 	ret
                            168 	.area _CODE
                            169 	.area _INITIALIZER
                            170 	.area _CABS (ABS)
