                              1 ;--------------------------------------------------------
                              2 ; File Created by SDCC : free open source ANSI-C Compiler
                              3 ; Version 3.5.5 #9498 (Mac OS X x86_64)
                              4 ;--------------------------------------------------------
                              5 	.module attack
                              6 	.optsdcc -mz80
                              7 	
                              8 ;--------------------------------------------------------
                              9 ; Public variables in this module
                             10 ;--------------------------------------------------------
                             11 	.globl _hc_attack_1
                             12 	.globl _hc_attack_0
                             13 ;--------------------------------------------------------
                             14 ; special function registers
                             15 ;--------------------------------------------------------
                             16 ;--------------------------------------------------------
                             17 ; ram data
                             18 ;--------------------------------------------------------
                             19 	.area _DATA
                             20 ;--------------------------------------------------------
                             21 ; ram data
                             22 ;--------------------------------------------------------
                             23 	.area _INITIALIZED
                             24 ;--------------------------------------------------------
                             25 ; absolute external ram data
                             26 ;--------------------------------------------------------
                             27 	.area _DABS (ABS)
                             28 ;--------------------------------------------------------
                             29 ; global & static initialisations
                             30 ;--------------------------------------------------------
                             31 	.area _HOME
                             32 	.area _GSINIT
                             33 	.area _GSFINAL
                             34 	.area _GSINIT
                             35 ;--------------------------------------------------------
                             36 ; Home
                             37 ;--------------------------------------------------------
                             38 	.area _HOME
                             39 	.area _HOME
                             40 ;--------------------------------------------------------
                             41 ; code
                             42 ;--------------------------------------------------------
                             43 	.area _CODE
                             44 	.area _CODE
   0000                      45 _hc_attack_0:
   0000 00                   46 	.db #0x00	; 0
   0001 00                   47 	.db #0x00	; 0
   0002 00                   48 	.db #0x00	; 0
   0003 00                   49 	.db #0x00	; 0
   0004 00                   50 	.db #0x00	; 0
   0005 51                   51 	.db #0x51	; 81	'Q'
   0006 55                   52 	.db #0x55	; 85	'U'
   0007 00                   53 	.db #0x00	; 0
   0008 00                   54 	.db #0x00	; 0
   0009 00                   55 	.db #0x00	; 0
   000A 00                   56 	.db #0x00	; 0
   000B 00                   57 	.db #0x00	; 0
   000C AA                   58 	.db #0xAA	; 170
   000D 00                   59 	.db #0x00	; 0
   000E 00                   60 	.db #0x00	; 0
   000F 00                   61 	.db #0x00	; 0
   0010 00                   62 	.db #0x00	; 0
   0011 00                   63 	.db #0x00	; 0
   0012 00                   64 	.db #0x00	; 0
   0013 00                   65 	.db #0x00	; 0
   0014 00                   66 	.db #0x00	; 0
   0015 00                   67 	.db #0x00	; 0
   0016 00                   68 	.db #0x00	; 0
   0017 00                   69 	.db #0x00	; 0
   0018 00                   70 	.db #0x00	; 0
   0019 00                   71 	.db #0x00	; 0
   001A 00                   72 	.db #0x00	; 0
   001B 00                   73 	.db #0x00	; 0
   001C 00                   74 	.db #0x00	; 0
   001D 00                   75 	.db #0x00	; 0
   001E 00                   76 	.db #0x00	; 0
   001F 00                   77 	.db #0x00	; 0
   0020 00                   78 	.db #0x00	; 0
   0021 00                   79 	.db #0x00	; 0
   0022 00                   80 	.db #0x00	; 0
   0023 00                   81 	.db #0x00	; 0
   0024 00                   82 	.db #0x00	; 0
   0025 55                   83 	.db #0x55	; 85	'U'
   0026 00                   84 	.db #0x00	; 0
   0027 00                   85 	.db #0x00	; 0
   0028 00                   86 	.db #0x00	; 0
   0029 00                   87 	.db #0x00	; 0
   002A 00                   88 	.db #0x00	; 0
   002B AA                   89 	.db #0xAA	; 170
   002C A2                   90 	.db #0xA2	; 162
   002D 00                   91 	.db #0x00	; 0
   002E 00                   92 	.db #0x00	; 0
   002F 00                   93 	.db #0x00	; 0
   0030 00                   94 	.db #0x00	; 0
   0031 00                   95 	.db #0x00	; 0
   0032                      96 _hc_attack_1:
   0032 00                   97 	.db #0x00	; 0
   0033 00                   98 	.db #0x00	; 0
   0034 00                   99 	.db #0x00	; 0
   0035 00                  100 	.db #0x00	; 0
   0036 00                  101 	.db #0x00	; 0
   0037 00                  102 	.db #0x00	; 0
   0038 00                  103 	.db #0x00	; 0
   0039 00                  104 	.db #0x00	; 0
   003A 00                  105 	.db #0x00	; 0
   003B A2                  106 	.db #0xA2	; 162
   003C 00                  107 	.db #0x00	; 0
   003D 00                  108 	.db #0x00	; 0
   003E 00                  109 	.db #0x00	; 0
   003F 00                  110 	.db #0x00	; 0
   0040 00                  111 	.db #0x00	; 0
   0041 00                  112 	.db #0x00	; 0
   0042 00                  113 	.db #0x00	; 0
   0043 00                  114 	.db #0x00	; 0
   0044 00                  115 	.db #0x00	; 0
   0045 AA                  116 	.db #0xAA	; 170
   0046 00                  117 	.db #0x00	; 0
   0047 00                  118 	.db #0x00	; 0
   0048 00                  119 	.db #0x00	; 0
   0049 55                  120 	.db #0x55	; 85	'U'
   004A 00                  121 	.db #0x00	; 0
   004B 00                  122 	.db #0x00	; 0
   004C AA                  123 	.db #0xAA	; 170
   004D 00                  124 	.db #0x00	; 0
   004E 00                  125 	.db #0x00	; 0
   004F 00                  126 	.db #0x00	; 0
   0050 55                  127 	.db #0x55	; 85	'U'
   0051 00                  128 	.db #0x00	; 0
   0052 00                  129 	.db #0x00	; 0
   0053 00                  130 	.db #0x00	; 0
   0054 00                  131 	.db #0x00	; 0
   0055 00                  132 	.db #0x00	; 0
   0056 00                  133 	.db #0x00	; 0
   0057 00                  134 	.db #0x00	; 0
   0058 00                  135 	.db #0x00	; 0
   0059 00                  136 	.db #0x00	; 0
   005A 51                  137 	.db #0x51	; 81	'Q'
   005B 00                  138 	.db #0x00	; 0
   005C 00                  139 	.db #0x00	; 0
   005D 00                  140 	.db #0x00	; 0
   005E 00                  141 	.db #0x00	; 0
   005F 00                  142 	.db #0x00	; 0
   0060 00                  143 	.db #0x00	; 0
   0061 00                  144 	.db #0x00	; 0
   0062 00                  145 	.db #0x00	; 0
   0063 00                  146 	.db #0x00	; 0
                            147 	.area _INITIALIZER
                            148 	.area _CABS (ABS)
