                              1 ;--------------------------------------------------------
                              2 ; File Created by SDCC : free open source ANSI-C Compiler
                              3 ; Version 3.5.5 #9498 (Mac OS X x86_64)
                              4 ;--------------------------------------------------------
                              5 	.module figures
                              6 	.optsdcc -mz80
                              7 	
                              8 ;--------------------------------------------------------
                              9 ; Public variables in this module
                             10 ;--------------------------------------------------------
                             11 	.globl _hc_figures_3
                             12 	.globl _hc_figures_2
                             13 	.globl _hc_figures_1
                             14 	.globl _hc_figures_0
                             15 ;--------------------------------------------------------
                             16 ; special function registers
                             17 ;--------------------------------------------------------
                             18 ;--------------------------------------------------------
                             19 ; ram data
                             20 ;--------------------------------------------------------
                             21 	.area _DATA
                             22 ;--------------------------------------------------------
                             23 ; ram data
                             24 ;--------------------------------------------------------
                             25 	.area _INITIALIZED
                             26 ;--------------------------------------------------------
                             27 ; absolute external ram data
                             28 ;--------------------------------------------------------
                             29 	.area _DABS (ABS)
                             30 ;--------------------------------------------------------
                             31 ; global & static initialisations
                             32 ;--------------------------------------------------------
                             33 	.area _HOME
                             34 	.area _GSINIT
                             35 	.area _GSFINAL
                             36 	.area _GSINIT
                             37 ;--------------------------------------------------------
                             38 ; Home
                             39 ;--------------------------------------------------------
                             40 	.area _HOME
                             41 	.area _HOME
                             42 ;--------------------------------------------------------
                             43 ; code
                             44 ;--------------------------------------------------------
                             45 	.area _CODE
                             46 	.area _CODE
   0000                      47 _hc_figures_0:
   0000 00                   48 	.db #0x00	; 0
   0001 04                   49 	.db #0x04	; 4
   0002 08                   50 	.db #0x08	; 8
   0003 82                   51 	.db #0x82	; 130
   0004 00                   52 	.db #0x00	; 0
   0005 00                   53 	.db #0x00	; 0
   0006 04                   54 	.db #0x04	; 4
   0007 08                   55 	.db #0x08	; 8
   0008 41                   56 	.db #0x41	; 65	'A'
   0009 AA                   57 	.db #0xAA	; 170
   000A 00                   58 	.db #0x00	; 0
   000B 04                   59 	.db #0x04	; 4
   000C 08                   60 	.db #0x08	; 8
   000D 5D                   61 	.db #0x5D	; 93
   000E 82                   62 	.db #0x82	; 130
   000F 00                   63 	.db #0x00	; 0
   0010 10                   64 	.db #0x10	; 16
   0011 30                   65 	.db #0x30	; 48	'0'
   0012 AA                   66 	.db #0xAA	; 170
   0013 82                   67 	.db #0x82	; 130
   0014 00                   68 	.db #0x00	; 0
   0015 11                   69 	.db #0x11	; 17
   0016 24                   70 	.db #0x24	; 36
   0017 00                   71 	.db #0x00	; 0
   0018 82                   72 	.db #0x82	; 130
   0019 00                   73 	.db #0x00	; 0
   001A 10                   74 	.db #0x10	; 16
   001B 22                   75 	.db #0x22	; 34
   001C 00                   76 	.db #0x00	; 0
   001D 00                   77 	.db #0x00	; 0
   001E 00                   78 	.db #0x00	; 0
   001F 15                   79 	.db #0x15	; 21
   0020 2A                   80 	.db #0x2A	; 42
   0021 00                   81 	.db #0x00	; 0
   0022 00                   82 	.db #0x00	; 0
   0023 00                   83 	.db #0x00	; 0
   0024 3F                   84 	.db #0x3F	; 63
   0025 3F                   85 	.db #0x3F	; 63
   0026 00                   86 	.db #0x00	; 0
   0027 00                   87 	.db #0x00	; 0
   0028 00                   88 	.db #0x00	; 0
   0029 2A                   89 	.db #0x2A	; 42
   002A 15                   90 	.db #0x15	; 21
   002B 00                   91 	.db #0x00	; 0
   002C 00                   92 	.db #0x00	; 0
   002D 40                   93 	.db #0x40	; 64
   002E 80                   94 	.db #0x80	; 128
   002F 40                   95 	.db #0x40	; 64
   0030 80                   96 	.db #0x80	; 128
   0031 00                   97 	.db #0x00	; 0
   0032                      98 _hc_figures_1:
   0032 00                   99 	.db #0x00	; 0
   0033 40                  100 	.db #0x40	; 64
   0034 00                  101 	.db #0x00	; 0
   0035 22                  102 	.db #0x22	; 34
   0036 00                  103 	.db #0x00	; 0
   0037 00                  104 	.db #0x00	; 0
   0038 51                  105 	.db #0x51	; 81	'Q'
   0039 33                  106 	.db #0x33	; 51	'3'
   003A A2                  107 	.db #0xA2	; 162
   003B 00                  108 	.db #0x00	; 0
   003C 00                  109 	.db #0x00	; 0
   003D 33                  110 	.db #0x33	; 51	'3'
   003E 33                  111 	.db #0x33	; 51	'3'
   003F 33                  112 	.db #0x33	; 51	'3'
   0040 00                  113 	.db #0x00	; 0
   0041 11                  114 	.db #0x11	; 17
   0042 77                  115 	.db #0x77	; 119	'w'
   0043 C3                  116 	.db #0xC3	; 195
   0044 BB                  117 	.db #0xBB	; 187
   0045 22                  118 	.db #0x22	; 34
   0046 33                  119 	.db #0x33	; 51	'3'
   0047 C0                  120 	.db #0xC0	; 192
   0048 C0                  121 	.db #0xC0	; 192
   0049 C0                  122 	.db #0xC0	; 192
   004A 33                  123 	.db #0x33	; 51	'3'
   004B EB                  124 	.db #0xEB	; 235
   004C 55                  125 	.db #0x55	; 85	'U'
   004D C3                  126 	.db #0xC3	; 195
   004E AA                  127 	.db #0xAA	; 170
   004F D7                  128 	.db #0xD7	; 215
   0050 00                  129 	.db #0x00	; 0
   0051 11                  130 	.db #0x11	; 17
   0052 33                  131 	.db #0x33	; 51	'3'
   0053 22                  132 	.db #0x22	; 34
   0054 00                  133 	.db #0x00	; 0
   0055 00                  134 	.db #0x00	; 0
   0056 11                  135 	.db #0x11	; 17
   0057 33                  136 	.db #0x33	; 51	'3'
   0058 22                  137 	.db #0x22	; 34
   0059 00                  138 	.db #0x00	; 0
   005A 00                  139 	.db #0x00	; 0
   005B 11                  140 	.db #0x11	; 17
   005C 00                  141 	.db #0x00	; 0
   005D 22                  142 	.db #0x22	; 34
   005E 00                  143 	.db #0x00	; 0
   005F 41                  144 	.db #0x41	; 65	'A'
   0060 33                  145 	.db #0x33	; 51	'3'
   0061 00                  146 	.db #0x00	; 0
   0062 33                  147 	.db #0x33	; 51	'3'
   0063 82                  148 	.db #0x82	; 130
   0064                     149 _hc_figures_2:
   0064 00                  150 	.db #0x00	; 0
   0065 00                  151 	.db #0x00	; 0
   0066 20                  152 	.db #0x20	; 32
   0067 00                  153 	.db #0x00	; 0
   0068 20                  154 	.db #0x20	; 32
   0069 00                  155 	.db #0x00	; 0
   006A 00                  156 	.db #0x00	; 0
   006B 10                  157 	.db #0x10	; 16
   006C 30                  158 	.db #0x30	; 48	'0'
   006D 00                  159 	.db #0x00	; 0
   006E 00                  160 	.db #0x00	; 0
   006F 00                  161 	.db #0x00	; 0
   0070 11                  162 	.db #0x11	; 17
   0071 AA                  163 	.db #0xAA	; 170
   0072 00                  164 	.db #0x00	; 0
   0073 00                  165 	.db #0x00	; 0
   0074 00                  166 	.db #0x00	; 0
   0075 11                  167 	.db #0x11	; 17
   0076 33                  168 	.db #0x33	; 51	'3'
   0077 00                  169 	.db #0x00	; 0
   0078 11                  170 	.db #0x11	; 17
   0079 33                  171 	.db #0x33	; 51	'3'
   007A 33                  172 	.db #0x33	; 51	'3'
   007B 00                  173 	.db #0x00	; 0
   007C 00                  174 	.db #0x00	; 0
   007D 33                  175 	.db #0x33	; 51	'3'
   007E 33                  176 	.db #0x33	; 51	'3'
   007F 33                  177 	.db #0x33	; 51	'3'
   0080 00                  178 	.db #0x00	; 0
   0081 00                  179 	.db #0x00	; 0
   0082 11                  180 	.db #0x11	; 17
   0083 33                  181 	.db #0x33	; 51	'3'
   0084 33                  182 	.db #0x33	; 51	'3'
   0085 33                  183 	.db #0x33	; 51	'3'
   0086 00                  184 	.db #0x00	; 0
   0087 40                  185 	.db #0x40	; 64
   0088 33                  186 	.db #0x33	; 51	'3'
   0089 33                  187 	.db #0x33	; 51	'3'
   008A 11                  188 	.db #0x11	; 17
   008B 00                  189 	.db #0x00	; 0
   008C 40                  190 	.db #0x40	; 64
   008D 22                  191 	.db #0x22	; 34
   008E 40                  192 	.db #0x40	; 64
   008F 00                  193 	.db #0x00	; 0
   0090 00                  194 	.db #0x00	; 0
   0091 40                  195 	.db #0x40	; 64
   0092 22                  196 	.db #0x22	; 34
   0093 40                  197 	.db #0x40	; 64
   0094 00                  198 	.db #0x00	; 0
   0095 00                  199 	.db #0x00	; 0
   0096                     200 _hc_figures_3:
   0096 55                  201 	.db #0x55	; 85	'U'
   0097 00                  202 	.db #0x00	; 0
   0098 24                  203 	.db #0x24	; 36
   0099 00                  204 	.db #0x00	; 0
   009A 00                  205 	.db #0x00	; 0
   009B 55                  206 	.db #0x55	; 85	'U'
   009C 00                  207 	.db #0x00	; 0
   009D 0C                  208 	.db #0x0C	; 12
   009E 00                  209 	.db #0x00	; 0
   009F 00                  210 	.db #0x00	; 0
   00A0 55                  211 	.db #0x55	; 85	'U'
   00A1 00                  212 	.db #0x00	; 0
   00A2 0C                  213 	.db #0x0C	; 12
   00A3 41                  214 	.db #0x41	; 65	'A'
   00A4 C3                  215 	.db #0xC3	; 195
   00A5 FF                  216 	.db #0xFF	; 255
   00A6 AA                  217 	.db #0xAA	; 170
   00A7 F0                  218 	.db #0xF0	; 240
   00A8 41                  219 	.db #0x41	; 65	'A'
   00A9 C3                  220 	.db #0xC3	; 195
   00AA 04                  221 	.db #0x04	; 4
   00AB F0                  222 	.db #0xF0	; 240
   00AC F0                  223 	.db #0xF0	; 240
   00AD E1                  224 	.db #0xE1	; 225
   00AE C3                  225 	.db #0xC3	; 195
   00AF 41                  226 	.db #0x41	; 65	'A'
   00B0 00                  227 	.db #0x00	; 0
   00B1 F0                  228 	.db #0xF0	; 240
   00B2 41                  229 	.db #0x41	; 65	'A'
   00B3 C3                  230 	.db #0xC3	; 195
   00B4 00                  231 	.db #0x00	; 0
   00B5 00                  232 	.db #0x00	; 0
   00B6 3F                  233 	.db #0x3F	; 63
   00B7 00                  234 	.db #0x00	; 0
   00B8 82                  235 	.db #0x82	; 130
   00B9 00                  236 	.db #0x00	; 0
   00BA 15                  237 	.db #0x15	; 21
   00BB 3F                  238 	.db #0x3F	; 63
   00BC 2A                  239 	.db #0x2A	; 42
   00BD 00                  240 	.db #0x00	; 0
   00BE 00                  241 	.db #0x00	; 0
   00BF 15                  242 	.db #0x15	; 21
   00C0 00                  243 	.db #0x00	; 0
   00C1 2A                  244 	.db #0x2A	; 42
   00C2 00                  245 	.db #0x00	; 0
   00C3 00                  246 	.db #0x00	; 0
   00C4 C0                  247 	.db #0xC0	; 192
   00C5 00                  248 	.db #0x00	; 0
   00C6 C0                  249 	.db #0xC0	; 192
   00C7 00                  250 	.db #0x00	; 0
                            251 	.area _INITIALIZER
                            252 	.area _CABS (ABS)
