                              1 ;--------------------------------------------------------
                              2 ; File Created by SDCC : free open source ANSI-C Compiler
                              3 ; Version 3.5.5 #9498 (Mac OS X x86_64)
                              4 ;--------------------------------------------------------
                              5 	.module fonts_big
                              6 	.optsdcc -mz80
                              7 	
                              8 ;--------------------------------------------------------
                              9 ; Public variables in this module
                             10 ;--------------------------------------------------------
                             11 	.globl _g_font_big
                             12 ;--------------------------------------------------------
                             13 ; special function registers
                             14 ;--------------------------------------------------------
                             15 ;--------------------------------------------------------
                             16 ; ram data
                             17 ;--------------------------------------------------------
                             18 	.area _DATA
                             19 ;--------------------------------------------------------
                             20 ; ram data
                             21 ;--------------------------------------------------------
                             22 	.area _INITIALIZED
                             23 ;--------------------------------------------------------
                             24 ; absolute external ram data
                             25 ;--------------------------------------------------------
                             26 	.area _DABS (ABS)
                             27 ;--------------------------------------------------------
                             28 ; global & static initialisations
                             29 ;--------------------------------------------------------
                             30 	.area _HOME
                             31 	.area _GSINIT
                             32 	.area _GSFINAL
                             33 	.area _GSINIT
                             34 ;--------------------------------------------------------
                             35 ; Home
                             36 ;--------------------------------------------------------
                             37 	.area _HOME
                             38 	.area _HOME
                             39 ;--------------------------------------------------------
                             40 ; code
                             41 ;--------------------------------------------------------
                             42 	.area _CODE
                             43 	.area _CODE
   0000                      44 _g_font_big:
   0000 50                   45 	.db #0x50	; 80	'P'
   0001 F0                   46 	.db #0xF0	; 240
   0002 00                   47 	.db #0x00	; 0
   0003 F0                   48 	.db #0xF0	; 240
   0004 F0                   49 	.db #0xF0	; 240
   0005 A0                   50 	.db #0xA0	; 160
   0006 A0                   51 	.db #0xA0	; 160
   0007 00                   52 	.db #0x00	; 0
   0008 A0                   53 	.db #0xA0	; 160
   0009 A0                   54 	.db #0xA0	; 160
   000A A0                   55 	.db #0xA0	; 160
   000B A0                   56 	.db #0xA0	; 160
   000C A0                   57 	.db #0xA0	; 160
   000D F0                   58 	.db #0xF0	; 240
   000E A0                   59 	.db #0xA0	; 160
   000F 88                   60 	.db #0x88	; 136
   0010 CC                   61 	.db #0xCC	; 204
   0011 88                   62 	.db #0x88	; 136
   0012 88                   63 	.db #0x88	; 136
   0013 88                   64 	.db #0x88	; 136
   0014 00                   65 	.db #0x00	; 0
   0015 88                   66 	.db #0x88	; 136
   0016 00                   67 	.db #0x00	; 0
   0017 88                   68 	.db #0x88	; 136
   0018 88                   69 	.db #0x88	; 136
   0019 00                   70 	.db #0x00	; 0
   001A 88                   71 	.db #0x88	; 136
   001B 44                   72 	.db #0x44	; 68	'D'
   001C CC                   73 	.db #0xCC	; 204
   001D 00                   74 	.db #0x00	; 0
   001E 44                   75 	.db #0x44	; 68	'D'
   001F CC                   76 	.db #0xCC	; 204
   0020 00                   77 	.db #0x00	; 0
   0021 50                   78 	.db #0x50	; 80	'P'
   0022 F0                   79 	.db #0xF0	; 240
   0023 00                   80 	.db #0x00	; 0
   0024 F0                   81 	.db #0xF0	; 240
   0025 F0                   82 	.db #0xF0	; 240
   0026 A0                   83 	.db #0xA0	; 160
   0027 A0                   84 	.db #0xA0	; 160
   0028 00                   85 	.db #0x00	; 0
   0029 A0                   86 	.db #0xA0	; 160
   002A A0                   87 	.db #0xA0	; 160
   002B 00                   88 	.db #0x00	; 0
   002C A0                   89 	.db #0xA0	; 160
   002D F0                   90 	.db #0xF0	; 240
   002E F0                   91 	.db #0xF0	; 240
   002F A0                   92 	.db #0xA0	; 160
   0030 CC                   93 	.db #0xCC	; 204
   0031 CC                   94 	.db #0xCC	; 204
   0032 88                   95 	.db #0x88	; 136
   0033 88                   96 	.db #0x88	; 136
   0034 00                   97 	.db #0x00	; 0
   0035 88                   98 	.db #0x88	; 136
   0036 88                   99 	.db #0x88	; 136
   0037 00                  100 	.db #0x00	; 0
   0038 88                  101 	.db #0x88	; 136
   0039 88                  102 	.db #0x88	; 136
   003A 00                  103 	.db #0x00	; 0
   003B 88                  104 	.db #0x88	; 136
   003C 88                  105 	.db #0x88	; 136
   003D 00                  106 	.db #0x00	; 0
   003E 88                  107 	.db #0x88	; 136
   003F 88                  108 	.db #0x88	; 136
   0040 00                  109 	.db #0x00	; 0
   0041 88                  110 	.db #0x88	; 136
   0042 F0                  111 	.db #0xF0	; 240
   0043 F0                  112 	.db #0xF0	; 240
   0044 00                  113 	.db #0x00	; 0
   0045 F0                  114 	.db #0xF0	; 240
   0046 F0                  115 	.db #0xF0	; 240
   0047 A0                  116 	.db #0xA0	; 160
   0048 A0                  117 	.db #0xA0	; 160
   0049 00                  118 	.db #0x00	; 0
   004A A0                  119 	.db #0xA0	; 160
   004B A0                  120 	.db #0xA0	; 160
   004C 00                  121 	.db #0x00	; 0
   004D A0                  122 	.db #0xA0	; 160
   004E F0                  123 	.db #0xF0	; 240
   004F F0                  124 	.db #0xF0	; 240
   0050 00                  125 	.db #0x00	; 0
   0051 CC                  126 	.db #0xCC	; 204
   0052 CC                  127 	.db #0xCC	; 204
   0053 88                  128 	.db #0x88	; 136
   0054 88                  129 	.db #0x88	; 136
   0055 00                  130 	.db #0x00	; 0
   0056 88                  131 	.db #0x88	; 136
   0057 88                  132 	.db #0x88	; 136
   0058 00                  133 	.db #0x00	; 0
   0059 88                  134 	.db #0x88	; 136
   005A 88                  135 	.db #0x88	; 136
   005B 00                  136 	.db #0x00	; 0
   005C 88                  137 	.db #0x88	; 136
   005D CC                  138 	.db #0xCC	; 204
   005E CC                  139 	.db #0xCC	; 204
   005F 00                  140 	.db #0x00	; 0
   0060 CC                  141 	.db #0xCC	; 204
   0061 CC                  142 	.db #0xCC	; 204
   0062 00                  143 	.db #0x00	; 0
   0063 50                  144 	.db #0x50	; 80	'P'
   0064 F0                  145 	.db #0xF0	; 240
   0065 00                  146 	.db #0x00	; 0
   0066 F0                  147 	.db #0xF0	; 240
   0067 F0                  148 	.db #0xF0	; 240
   0068 A0                  149 	.db #0xA0	; 160
   0069 A0                  150 	.db #0xA0	; 160
   006A 00                  151 	.db #0x00	; 0
   006B A0                  152 	.db #0xA0	; 160
   006C A0                  153 	.db #0xA0	; 160
   006D 00                  154 	.db #0x00	; 0
   006E 00                  155 	.db #0x00	; 0
   006F A0                  156 	.db #0xA0	; 160
   0070 00                  157 	.db #0x00	; 0
   0071 00                  158 	.db #0x00	; 0
   0072 88                  159 	.db #0x88	; 136
   0073 00                  160 	.db #0x00	; 0
   0074 00                  161 	.db #0x00	; 0
   0075 88                  162 	.db #0x88	; 136
   0076 00                  163 	.db #0x00	; 0
   0077 00                  164 	.db #0x00	; 0
   0078 88                  165 	.db #0x88	; 136
   0079 00                  166 	.db #0x00	; 0
   007A 88                  167 	.db #0x88	; 136
   007B 88                  168 	.db #0x88	; 136
   007C 00                  169 	.db #0x00	; 0
   007D 88                  170 	.db #0x88	; 136
   007E 44                  171 	.db #0x44	; 68	'D'
   007F CC                  172 	.db #0xCC	; 204
   0080 00                  173 	.db #0x00	; 0
   0081 44                  174 	.db #0x44	; 68	'D'
   0082 CC                  175 	.db #0xCC	; 204
   0083 00                  176 	.db #0x00	; 0
   0084 F0                  177 	.db #0xF0	; 240
   0085 F0                  178 	.db #0xF0	; 240
   0086 00                  179 	.db #0x00	; 0
   0087 F0                  180 	.db #0xF0	; 240
   0088 F0                  181 	.db #0xF0	; 240
   0089 A0                  182 	.db #0xA0	; 160
   008A A0                  183 	.db #0xA0	; 160
   008B 00                  184 	.db #0x00	; 0
   008C A0                  185 	.db #0xA0	; 160
   008D A0                  186 	.db #0xA0	; 160
   008E 00                  187 	.db #0x00	; 0
   008F A0                  188 	.db #0xA0	; 160
   0090 A0                  189 	.db #0xA0	; 160
   0091 00                  190 	.db #0x00	; 0
   0092 A0                  191 	.db #0xA0	; 160
   0093 88                  192 	.db #0x88	; 136
   0094 00                  193 	.db #0x00	; 0
   0095 88                  194 	.db #0x88	; 136
   0096 88                  195 	.db #0x88	; 136
   0097 00                  196 	.db #0x00	; 0
   0098 88                  197 	.db #0x88	; 136
   0099 88                  198 	.db #0x88	; 136
   009A 00                  199 	.db #0x00	; 0
   009B 88                  200 	.db #0x88	; 136
   009C 88                  201 	.db #0x88	; 136
   009D 44                  202 	.db #0x44	; 68	'D'
   009E 88                  203 	.db #0x88	; 136
   009F CC                  204 	.db #0xCC	; 204
   00A0 CC                  205 	.db #0xCC	; 204
   00A1 00                  206 	.db #0x00	; 0
   00A2 CC                  207 	.db #0xCC	; 204
   00A3 CC                  208 	.db #0xCC	; 204
   00A4 00                  209 	.db #0x00	; 0
   00A5 F0                  210 	.db #0xF0	; 240
   00A6 F0                  211 	.db #0xF0	; 240
   00A7 A0                  212 	.db #0xA0	; 160
   00A8 F0                  213 	.db #0xF0	; 240
   00A9 F0                  214 	.db #0xF0	; 240
   00AA A0                  215 	.db #0xA0	; 160
   00AB A0                  216 	.db #0xA0	; 160
   00AC 00                  217 	.db #0x00	; 0
   00AD 00                  218 	.db #0x00	; 0
   00AE F0                  219 	.db #0xF0	; 240
   00AF A0                  220 	.db #0xA0	; 160
   00B0 00                  221 	.db #0x00	; 0
   00B1 F0                  222 	.db #0xF0	; 240
   00B2 A0                  223 	.db #0xA0	; 160
   00B3 00                  224 	.db #0x00	; 0
   00B4 88                  225 	.db #0x88	; 136
   00B5 00                  226 	.db #0x00	; 0
   00B6 00                  227 	.db #0x00	; 0
   00B7 88                  228 	.db #0x88	; 136
   00B8 00                  229 	.db #0x00	; 0
   00B9 00                  230 	.db #0x00	; 0
   00BA 88                  231 	.db #0x88	; 136
   00BB 00                  232 	.db #0x00	; 0
   00BC 00                  233 	.db #0x00	; 0
   00BD 88                  234 	.db #0x88	; 136
   00BE 00                  235 	.db #0x00	; 0
   00BF 00                  236 	.db #0x00	; 0
   00C0 CC                  237 	.db #0xCC	; 204
   00C1 CC                  238 	.db #0xCC	; 204
   00C2 88                  239 	.db #0x88	; 136
   00C3 CC                  240 	.db #0xCC	; 204
   00C4 CC                  241 	.db #0xCC	; 204
   00C5 88                  242 	.db #0x88	; 136
   00C6 F0                  243 	.db #0xF0	; 240
   00C7 F0                  244 	.db #0xF0	; 240
   00C8 A0                  245 	.db #0xA0	; 160
   00C9 F0                  246 	.db #0xF0	; 240
   00CA F0                  247 	.db #0xF0	; 240
   00CB A0                  248 	.db #0xA0	; 160
   00CC A0                  249 	.db #0xA0	; 160
   00CD 00                  250 	.db #0x00	; 0
   00CE 00                  251 	.db #0x00	; 0
   00CF F0                  252 	.db #0xF0	; 240
   00D0 A0                  253 	.db #0xA0	; 160
   00D1 00                  254 	.db #0x00	; 0
   00D2 F0                  255 	.db #0xF0	; 240
   00D3 A0                  256 	.db #0xA0	; 160
   00D4 00                  257 	.db #0x00	; 0
   00D5 88                  258 	.db #0x88	; 136
   00D6 00                  259 	.db #0x00	; 0
   00D7 00                  260 	.db #0x00	; 0
   00D8 88                  261 	.db #0x88	; 136
   00D9 00                  262 	.db #0x00	; 0
   00DA 00                  263 	.db #0x00	; 0
   00DB 88                  264 	.db #0x88	; 136
   00DC 00                  265 	.db #0x00	; 0
   00DD 00                  266 	.db #0x00	; 0
   00DE 88                  267 	.db #0x88	; 136
   00DF 00                  268 	.db #0x00	; 0
   00E0 00                  269 	.db #0x00	; 0
   00E1 88                  270 	.db #0x88	; 136
   00E2 00                  271 	.db #0x00	; 0
   00E3 00                  272 	.db #0x00	; 0
   00E4 88                  273 	.db #0x88	; 136
   00E5 00                  274 	.db #0x00	; 0
   00E6 00                  275 	.db #0x00	; 0
   00E7 50                  276 	.db #0x50	; 80	'P'
   00E8 F0                  277 	.db #0xF0	; 240
   00E9 A0                  278 	.db #0xA0	; 160
   00EA F0                  279 	.db #0xF0	; 240
   00EB F0                  280 	.db #0xF0	; 240
   00EC A0                  281 	.db #0xA0	; 160
   00ED A0                  282 	.db #0xA0	; 160
   00EE 00                  283 	.db #0x00	; 0
   00EF 00                  284 	.db #0x00	; 0
   00F0 A0                  285 	.db #0xA0	; 160
   00F1 F0                  286 	.db #0xF0	; 240
   00F2 A0                  287 	.db #0xA0	; 160
   00F3 A0                  288 	.db #0xA0	; 160
   00F4 F0                  289 	.db #0xF0	; 240
   00F5 A0                  290 	.db #0xA0	; 160
   00F6 88                  291 	.db #0x88	; 136
   00F7 00                  292 	.db #0x00	; 0
   00F8 88                  293 	.db #0x88	; 136
   00F9 88                  294 	.db #0x88	; 136
   00FA 00                  295 	.db #0x00	; 0
   00FB 88                  296 	.db #0x88	; 136
   00FC 88                  297 	.db #0x88	; 136
   00FD 00                  298 	.db #0x00	; 0
   00FE 88                  299 	.db #0x88	; 136
   00FF 88                  300 	.db #0x88	; 136
   0100 00                  301 	.db #0x00	; 0
   0101 88                  302 	.db #0x88	; 136
   0102 44                  303 	.db #0x44	; 68	'D'
   0103 CC                  304 	.db #0xCC	; 204
   0104 00                  305 	.db #0x00	; 0
   0105 44                  306 	.db #0x44	; 68	'D'
   0106 CC                  307 	.db #0xCC	; 204
   0107 00                  308 	.db #0x00	; 0
   0108 A0                  309 	.db #0xA0	; 160
   0109 00                  310 	.db #0x00	; 0
   010A A0                  311 	.db #0xA0	; 160
   010B A0                  312 	.db #0xA0	; 160
   010C 00                  313 	.db #0x00	; 0
   010D A0                  314 	.db #0xA0	; 160
   010E A0                  315 	.db #0xA0	; 160
   010F 00                  316 	.db #0x00	; 0
   0110 A0                  317 	.db #0xA0	; 160
   0111 F0                  318 	.db #0xF0	; 240
   0112 F0                  319 	.db #0xF0	; 240
   0113 A0                  320 	.db #0xA0	; 160
   0114 F0                  321 	.db #0xF0	; 240
   0115 F0                  322 	.db #0xF0	; 240
   0116 A0                  323 	.db #0xA0	; 160
   0117 88                  324 	.db #0x88	; 136
   0118 00                  325 	.db #0x00	; 0
   0119 88                  326 	.db #0x88	; 136
   011A 88                  327 	.db #0x88	; 136
   011B 00                  328 	.db #0x00	; 0
   011C 88                  329 	.db #0x88	; 136
   011D 88                  330 	.db #0x88	; 136
   011E 00                  331 	.db #0x00	; 0
   011F 88                  332 	.db #0x88	; 136
   0120 88                  333 	.db #0x88	; 136
   0121 00                  334 	.db #0x00	; 0
   0122 88                  335 	.db #0x88	; 136
   0123 88                  336 	.db #0x88	; 136
   0124 00                  337 	.db #0x00	; 0
   0125 88                  338 	.db #0x88	; 136
   0126 88                  339 	.db #0x88	; 136
   0127 00                  340 	.db #0x00	; 0
   0128 88                  341 	.db #0x88	; 136
   0129 F0                  342 	.db #0xF0	; 240
   012A F0                  343 	.db #0xF0	; 240
   012B A0                  344 	.db #0xA0	; 160
   012C F0                  345 	.db #0xF0	; 240
   012D F0                  346 	.db #0xF0	; 240
   012E A0                  347 	.db #0xA0	; 160
   012F 00                  348 	.db #0x00	; 0
   0130 A0                  349 	.db #0xA0	; 160
   0131 00                  350 	.db #0x00	; 0
   0132 00                  351 	.db #0x00	; 0
   0133 A0                  352 	.db #0xA0	; 160
   0134 00                  353 	.db #0x00	; 0
   0135 00                  354 	.db #0x00	; 0
   0136 A0                  355 	.db #0xA0	; 160
   0137 00                  356 	.db #0x00	; 0
   0138 00                  357 	.db #0x00	; 0
   0139 88                  358 	.db #0x88	; 136
   013A 00                  359 	.db #0x00	; 0
   013B 00                  360 	.db #0x00	; 0
   013C 88                  361 	.db #0x88	; 136
   013D 00                  362 	.db #0x00	; 0
   013E 00                  363 	.db #0x00	; 0
   013F 88                  364 	.db #0x88	; 136
   0140 00                  365 	.db #0x00	; 0
   0141 00                  366 	.db #0x00	; 0
   0142 88                  367 	.db #0x88	; 136
   0143 00                  368 	.db #0x00	; 0
   0144 CC                  369 	.db #0xCC	; 204
   0145 CC                  370 	.db #0xCC	; 204
   0146 88                  371 	.db #0x88	; 136
   0147 CC                  372 	.db #0xCC	; 204
   0148 CC                  373 	.db #0xCC	; 204
   0149 88                  374 	.db #0x88	; 136
   014A 00                  375 	.db #0x00	; 0
   014B 00                  376 	.db #0x00	; 0
   014C A0                  377 	.db #0xA0	; 160
   014D 00                  378 	.db #0x00	; 0
   014E 00                  379 	.db #0x00	; 0
   014F A0                  380 	.db #0xA0	; 160
   0150 00                  381 	.db #0x00	; 0
   0151 00                  382 	.db #0x00	; 0
   0152 A0                  383 	.db #0xA0	; 160
   0153 00                  384 	.db #0x00	; 0
   0154 00                  385 	.db #0x00	; 0
   0155 A0                  386 	.db #0xA0	; 160
   0156 00                  387 	.db #0x00	; 0
   0157 00                  388 	.db #0x00	; 0
   0158 A0                  389 	.db #0xA0	; 160
   0159 00                  390 	.db #0x00	; 0
   015A 00                  391 	.db #0x00	; 0
   015B 88                  392 	.db #0x88	; 136
   015C 00                  393 	.db #0x00	; 0
   015D 00                  394 	.db #0x00	; 0
   015E 88                  395 	.db #0x88	; 136
   015F 88                  396 	.db #0x88	; 136
   0160 00                  397 	.db #0x00	; 0
   0161 88                  398 	.db #0x88	; 136
   0162 88                  399 	.db #0x88	; 136
   0163 00                  400 	.db #0x00	; 0
   0164 88                  401 	.db #0x88	; 136
   0165 44                  402 	.db #0x44	; 68	'D'
   0166 CC                  403 	.db #0xCC	; 204
   0167 00                  404 	.db #0x00	; 0
   0168 44                  405 	.db #0x44	; 68	'D'
   0169 CC                  406 	.db #0xCC	; 204
   016A 00                  407 	.db #0x00	; 0
   016B A0                  408 	.db #0xA0	; 160
   016C 00                  409 	.db #0x00	; 0
   016D A0                  410 	.db #0xA0	; 160
   016E A0                  411 	.db #0xA0	; 160
   016F 50                  412 	.db #0x50	; 80	'P'
   0170 A0                  413 	.db #0xA0	; 160
   0171 A0                  414 	.db #0xA0	; 160
   0172 50                  415 	.db #0x50	; 80	'P'
   0173 00                  416 	.db #0x00	; 0
   0174 F0                  417 	.db #0xF0	; 240
   0175 A0                  418 	.db #0xA0	; 160
   0176 00                  419 	.db #0x00	; 0
   0177 F0                  420 	.db #0xF0	; 240
   0178 F0                  421 	.db #0xF0	; 240
   0179 00                  422 	.db #0x00	; 0
   017A 88                  423 	.db #0x88	; 136
   017B 44                  424 	.db #0x44	; 68	'D'
   017C 00                  425 	.db #0x00	; 0
   017D 88                  426 	.db #0x88	; 136
   017E 00                  427 	.db #0x00	; 0
   017F 88                  428 	.db #0x88	; 136
   0180 88                  429 	.db #0x88	; 136
   0181 00                  430 	.db #0x00	; 0
   0182 88                  431 	.db #0x88	; 136
   0183 88                  432 	.db #0x88	; 136
   0184 00                  433 	.db #0x00	; 0
   0185 88                  434 	.db #0x88	; 136
   0186 88                  435 	.db #0x88	; 136
   0187 00                  436 	.db #0x00	; 0
   0188 88                  437 	.db #0x88	; 136
   0189 88                  438 	.db #0x88	; 136
   018A 00                  439 	.db #0x00	; 0
   018B 88                  440 	.db #0x88	; 136
   018C A0                  441 	.db #0xA0	; 160
   018D 00                  442 	.db #0x00	; 0
   018E 00                  443 	.db #0x00	; 0
   018F A0                  444 	.db #0xA0	; 160
   0190 00                  445 	.db #0x00	; 0
   0191 00                  446 	.db #0x00	; 0
   0192 A0                  447 	.db #0xA0	; 160
   0193 00                  448 	.db #0x00	; 0
   0194 00                  449 	.db #0x00	; 0
   0195 A0                  450 	.db #0xA0	; 160
   0196 00                  451 	.db #0x00	; 0
   0197 00                  452 	.db #0x00	; 0
   0198 A0                  453 	.db #0xA0	; 160
   0199 00                  454 	.db #0x00	; 0
   019A 00                  455 	.db #0x00	; 0
   019B 88                  456 	.db #0x88	; 136
   019C 00                  457 	.db #0x00	; 0
   019D 00                  458 	.db #0x00	; 0
   019E 88                  459 	.db #0x88	; 136
   019F 00                  460 	.db #0x00	; 0
   01A0 00                  461 	.db #0x00	; 0
   01A1 88                  462 	.db #0x88	; 136
   01A2 00                  463 	.db #0x00	; 0
   01A3 00                  464 	.db #0x00	; 0
   01A4 88                  465 	.db #0x88	; 136
   01A5 00                  466 	.db #0x00	; 0
   01A6 00                  467 	.db #0x00	; 0
   01A7 CC                  468 	.db #0xCC	; 204
   01A8 CC                  469 	.db #0xCC	; 204
   01A9 88                  470 	.db #0x88	; 136
   01AA CC                  471 	.db #0xCC	; 204
   01AB CC                  472 	.db #0xCC	; 204
   01AC 88                  473 	.db #0x88	; 136
   01AD A0                  474 	.db #0xA0	; 160
   01AE 00                  475 	.db #0x00	; 0
   01AF A0                  476 	.db #0xA0	; 160
   01B0 F0                  477 	.db #0xF0	; 240
   01B1 50                  478 	.db #0x50	; 80	'P'
   01B2 A0                  479 	.db #0xA0	; 160
   01B3 F0                  480 	.db #0xF0	; 240
   01B4 F0                  481 	.db #0xF0	; 240
   01B5 A0                  482 	.db #0xA0	; 160
   01B6 A0                  483 	.db #0xA0	; 160
   01B7 A0                  484 	.db #0xA0	; 160
   01B8 A0                  485 	.db #0xA0	; 160
   01B9 A0                  486 	.db #0xA0	; 160
   01BA A0                  487 	.db #0xA0	; 160
   01BB A0                  488 	.db #0xA0	; 160
   01BC 88                  489 	.db #0x88	; 136
   01BD 00                  490 	.db #0x00	; 0
   01BE 88                  491 	.db #0x88	; 136
   01BF 88                  492 	.db #0x88	; 136
   01C0 00                  493 	.db #0x00	; 0
   01C1 88                  494 	.db #0x88	; 136
   01C2 88                  495 	.db #0x88	; 136
   01C3 00                  496 	.db #0x00	; 0
   01C4 88                  497 	.db #0x88	; 136
   01C5 88                  498 	.db #0x88	; 136
   01C6 00                  499 	.db #0x00	; 0
   01C7 88                  500 	.db #0x88	; 136
   01C8 88                  501 	.db #0x88	; 136
   01C9 00                  502 	.db #0x00	; 0
   01CA 88                  503 	.db #0x88	; 136
   01CB 88                  504 	.db #0x88	; 136
   01CC 00                  505 	.db #0x00	; 0
   01CD 88                  506 	.db #0x88	; 136
   01CE A0                  507 	.db #0xA0	; 160
   01CF 00                  508 	.db #0x00	; 0
   01D0 A0                  509 	.db #0xA0	; 160
   01D1 F0                  510 	.db #0xF0	; 240
   01D2 00                  511 	.db #0x00	; 0
   01D3 A0                  512 	.db #0xA0	; 160
   01D4 F0                  513 	.db #0xF0	; 240
   01D5 00                  514 	.db #0x00	; 0
   01D6 A0                  515 	.db #0xA0	; 160
   01D7 F0                  516 	.db #0xF0	; 240
   01D8 00                  517 	.db #0x00	; 0
   01D9 A0                  518 	.db #0xA0	; 160
   01DA F0                  519 	.db #0xF0	; 240
   01DB A0                  520 	.db #0xA0	; 160
   01DC A0                  521 	.db #0xA0	; 160
   01DD 88                  522 	.db #0x88	; 136
   01DE 88                  523 	.db #0x88	; 136
   01DF 88                  524 	.db #0x88	; 136
   01E0 88                  525 	.db #0x88	; 136
   01E1 CC                  526 	.db #0xCC	; 204
   01E2 88                  527 	.db #0x88	; 136
   01E3 88                  528 	.db #0x88	; 136
   01E4 CC                  529 	.db #0xCC	; 204
   01E5 88                  530 	.db #0x88	; 136
   01E6 88                  531 	.db #0x88	; 136
   01E7 44                  532 	.db #0x44	; 68	'D'
   01E8 88                  533 	.db #0x88	; 136
   01E9 88                  534 	.db #0x88	; 136
   01EA 44                  535 	.db #0x44	; 68	'D'
   01EB 88                  536 	.db #0x88	; 136
   01EC 88                  537 	.db #0x88	; 136
   01ED 00                  538 	.db #0x00	; 0
   01EE 88                  539 	.db #0x88	; 136
   01EF 50                  540 	.db #0x50	; 80	'P'
   01F0 F0                  541 	.db #0xF0	; 240
   01F1 00                  542 	.db #0x00	; 0
   01F2 F0                  543 	.db #0xF0	; 240
   01F3 F0                  544 	.db #0xF0	; 240
   01F4 A0                  545 	.db #0xA0	; 160
   01F5 A0                  546 	.db #0xA0	; 160
   01F6 00                  547 	.db #0x00	; 0
   01F7 A0                  548 	.db #0xA0	; 160
   01F8 A0                  549 	.db #0xA0	; 160
   01F9 00                  550 	.db #0x00	; 0
   01FA A0                  551 	.db #0xA0	; 160
   01FB A0                  552 	.db #0xA0	; 160
   01FC 00                  553 	.db #0x00	; 0
   01FD A0                  554 	.db #0xA0	; 160
   01FE 88                  555 	.db #0x88	; 136
   01FF 00                  556 	.db #0x00	; 0
   0200 88                  557 	.db #0x88	; 136
   0201 88                  558 	.db #0x88	; 136
   0202 00                  559 	.db #0x00	; 0
   0203 88                  560 	.db #0x88	; 136
   0204 88                  561 	.db #0x88	; 136
   0205 00                  562 	.db #0x00	; 0
   0206 88                  563 	.db #0x88	; 136
   0207 88                  564 	.db #0x88	; 136
   0208 00                  565 	.db #0x00	; 0
   0209 88                  566 	.db #0x88	; 136
   020A 44                  567 	.db #0x44	; 68	'D'
   020B CC                  568 	.db #0xCC	; 204
   020C 00                  569 	.db #0x00	; 0
   020D 44                  570 	.db #0x44	; 68	'D'
   020E CC                  571 	.db #0xCC	; 204
   020F 00                  572 	.db #0x00	; 0
   0210 F0                  573 	.db #0xF0	; 240
   0211 F0                  574 	.db #0xF0	; 240
   0212 00                  575 	.db #0x00	; 0
   0213 F0                  576 	.db #0xF0	; 240
   0214 F0                  577 	.db #0xF0	; 240
   0215 A0                  578 	.db #0xA0	; 160
   0216 A0                  579 	.db #0xA0	; 160
   0217 00                  580 	.db #0x00	; 0
   0218 A0                  581 	.db #0xA0	; 160
   0219 F0                  582 	.db #0xF0	; 240
   021A F0                  583 	.db #0xF0	; 240
   021B 00                  584 	.db #0x00	; 0
   021C F0                  585 	.db #0xF0	; 240
   021D F0                  586 	.db #0xF0	; 240
   021E 00                  587 	.db #0x00	; 0
   021F 88                  588 	.db #0x88	; 136
   0220 00                  589 	.db #0x00	; 0
   0221 00                  590 	.db #0x00	; 0
   0222 88                  591 	.db #0x88	; 136
   0223 00                  592 	.db #0x00	; 0
   0224 00                  593 	.db #0x00	; 0
   0225 88                  594 	.db #0x88	; 136
   0226 00                  595 	.db #0x00	; 0
   0227 00                  596 	.db #0x00	; 0
   0228 88                  597 	.db #0x88	; 136
   0229 00                  598 	.db #0x00	; 0
   022A 00                  599 	.db #0x00	; 0
   022B 88                  600 	.db #0x88	; 136
   022C 00                  601 	.db #0x00	; 0
   022D 00                  602 	.db #0x00	; 0
   022E 88                  603 	.db #0x88	; 136
   022F 00                  604 	.db #0x00	; 0
   0230 00                  605 	.db #0x00	; 0
   0231 50                  606 	.db #0x50	; 80	'P'
   0232 F0                  607 	.db #0xF0	; 240
   0233 00                  608 	.db #0x00	; 0
   0234 F0                  609 	.db #0xF0	; 240
   0235 F0                  610 	.db #0xF0	; 240
   0236 A0                  611 	.db #0xA0	; 160
   0237 A0                  612 	.db #0xA0	; 160
   0238 00                  613 	.db #0x00	; 0
   0239 A0                  614 	.db #0xA0	; 160
   023A A0                  615 	.db #0xA0	; 160
   023B 00                  616 	.db #0x00	; 0
   023C A0                  617 	.db #0xA0	; 160
   023D A0                  618 	.db #0xA0	; 160
   023E 00                  619 	.db #0x00	; 0
   023F A0                  620 	.db #0xA0	; 160
   0240 88                  621 	.db #0x88	; 136
   0241 00                  622 	.db #0x00	; 0
   0242 88                  623 	.db #0x88	; 136
   0243 88                  624 	.db #0x88	; 136
   0244 00                  625 	.db #0x00	; 0
   0245 88                  626 	.db #0x88	; 136
   0246 88                  627 	.db #0x88	; 136
   0247 44                  628 	.db #0x44	; 68	'D'
   0248 88                  629 	.db #0x88	; 136
   0249 CC                  630 	.db #0xCC	; 204
   024A CC                  631 	.db #0xCC	; 204
   024B 00                  632 	.db #0x00	; 0
   024C 44                  633 	.db #0x44	; 68	'D'
   024D 88                  634 	.db #0x88	; 136
   024E 88                  635 	.db #0x88	; 136
   024F 44                  636 	.db #0x44	; 68	'D'
   0250 88                  637 	.db #0x88	; 136
   0251 88                  638 	.db #0x88	; 136
   0252 F0                  639 	.db #0xF0	; 240
   0253 F0                  640 	.db #0xF0	; 240
   0254 00                  641 	.db #0x00	; 0
   0255 F0                  642 	.db #0xF0	; 240
   0256 F0                  643 	.db #0xF0	; 240
   0257 A0                  644 	.db #0xA0	; 160
   0258 A0                  645 	.db #0xA0	; 160
   0259 00                  646 	.db #0x00	; 0
   025A A0                  647 	.db #0xA0	; 160
   025B F0                  648 	.db #0xF0	; 240
   025C F0                  649 	.db #0xF0	; 240
   025D 00                  650 	.db #0x00	; 0
   025E F0                  651 	.db #0xF0	; 240
   025F F0                  652 	.db #0xF0	; 240
   0260 A0                  653 	.db #0xA0	; 160
   0261 88                  654 	.db #0x88	; 136
   0262 00                  655 	.db #0x00	; 0
   0263 88                  656 	.db #0x88	; 136
   0264 88                  657 	.db #0x88	; 136
   0265 00                  658 	.db #0x00	; 0
   0266 88                  659 	.db #0x88	; 136
   0267 88                  660 	.db #0x88	; 136
   0268 00                  661 	.db #0x00	; 0
   0269 88                  662 	.db #0x88	; 136
   026A 88                  663 	.db #0x88	; 136
   026B 00                  664 	.db #0x00	; 0
   026C 88                  665 	.db #0x88	; 136
   026D 88                  666 	.db #0x88	; 136
   026E 00                  667 	.db #0x00	; 0
   026F 88                  668 	.db #0x88	; 136
   0270 88                  669 	.db #0x88	; 136
   0271 00                  670 	.db #0x00	; 0
   0272 88                  671 	.db #0x88	; 136
   0273 50                  672 	.db #0x50	; 80	'P'
   0274 F0                  673 	.db #0xF0	; 240
   0275 A0                  674 	.db #0xA0	; 160
   0276 F0                  675 	.db #0xF0	; 240
   0277 F0                  676 	.db #0xF0	; 240
   0278 A0                  677 	.db #0xA0	; 160
   0279 A0                  678 	.db #0xA0	; 160
   027A 00                  679 	.db #0x00	; 0
   027B 00                  680 	.db #0x00	; 0
   027C 50                  681 	.db #0x50	; 80	'P'
   027D F0                  682 	.db #0xF0	; 240
   027E 00                  683 	.db #0x00	; 0
   027F 50                  684 	.db #0x50	; 80	'P'
   0280 F0                  685 	.db #0xF0	; 240
   0281 A0                  686 	.db #0xA0	; 160
   0282 00                  687 	.db #0x00	; 0
   0283 00                  688 	.db #0x00	; 0
   0284 88                  689 	.db #0x88	; 136
   0285 00                  690 	.db #0x00	; 0
   0286 00                  691 	.db #0x00	; 0
   0287 88                  692 	.db #0x88	; 136
   0288 88                  693 	.db #0x88	; 136
   0289 00                  694 	.db #0x00	; 0
   028A 88                  695 	.db #0x88	; 136
   028B 88                  696 	.db #0x88	; 136
   028C 00                  697 	.db #0x00	; 0
   028D 88                  698 	.db #0x88	; 136
   028E 44                  699 	.db #0x44	; 68	'D'
   028F CC                  700 	.db #0xCC	; 204
   0290 00                  701 	.db #0x00	; 0
   0291 44                  702 	.db #0x44	; 68	'D'
   0292 CC                  703 	.db #0xCC	; 204
   0293 00                  704 	.db #0x00	; 0
   0294 F0                  705 	.db #0xF0	; 240
   0295 F0                  706 	.db #0xF0	; 240
   0296 A0                  707 	.db #0xA0	; 160
   0297 F0                  708 	.db #0xF0	; 240
   0298 F0                  709 	.db #0xF0	; 240
   0299 A0                  710 	.db #0xA0	; 160
   029A 00                  711 	.db #0x00	; 0
   029B A0                  712 	.db #0xA0	; 160
   029C 00                  713 	.db #0x00	; 0
   029D 00                  714 	.db #0x00	; 0
   029E A0                  715 	.db #0xA0	; 160
   029F 00                  716 	.db #0x00	; 0
   02A0 00                  717 	.db #0x00	; 0
   02A1 A0                  718 	.db #0xA0	; 160
   02A2 00                  719 	.db #0x00	; 0
   02A3 00                  720 	.db #0x00	; 0
   02A4 88                  721 	.db #0x88	; 136
   02A5 00                  722 	.db #0x00	; 0
   02A6 00                  723 	.db #0x00	; 0
   02A7 88                  724 	.db #0x88	; 136
   02A8 00                  725 	.db #0x00	; 0
   02A9 00                  726 	.db #0x00	; 0
   02AA 88                  727 	.db #0x88	; 136
   02AB 00                  728 	.db #0x00	; 0
   02AC 00                  729 	.db #0x00	; 0
   02AD 88                  730 	.db #0x88	; 136
   02AE 00                  731 	.db #0x00	; 0
   02AF 00                  732 	.db #0x00	; 0
   02B0 88                  733 	.db #0x88	; 136
   02B1 00                  734 	.db #0x00	; 0
   02B2 00                  735 	.db #0x00	; 0
   02B3 88                  736 	.db #0x88	; 136
   02B4 00                  737 	.db #0x00	; 0
   02B5 A0                  738 	.db #0xA0	; 160
   02B6 00                  739 	.db #0x00	; 0
   02B7 A0                  740 	.db #0xA0	; 160
   02B8 A0                  741 	.db #0xA0	; 160
   02B9 00                  742 	.db #0x00	; 0
   02BA A0                  743 	.db #0xA0	; 160
   02BB A0                  744 	.db #0xA0	; 160
   02BC 00                  745 	.db #0x00	; 0
   02BD A0                  746 	.db #0xA0	; 160
   02BE A0                  747 	.db #0xA0	; 160
   02BF 00                  748 	.db #0x00	; 0
   02C0 A0                  749 	.db #0xA0	; 160
   02C1 A0                  750 	.db #0xA0	; 160
   02C2 00                  751 	.db #0x00	; 0
   02C3 A0                  752 	.db #0xA0	; 160
   02C4 88                  753 	.db #0x88	; 136
   02C5 00                  754 	.db #0x00	; 0
   02C6 88                  755 	.db #0x88	; 136
   02C7 88                  756 	.db #0x88	; 136
   02C8 00                  757 	.db #0x00	; 0
   02C9 88                  758 	.db #0x88	; 136
   02CA 88                  759 	.db #0x88	; 136
   02CB 00                  760 	.db #0x00	; 0
   02CC 88                  761 	.db #0x88	; 136
   02CD 88                  762 	.db #0x88	; 136
   02CE 00                  763 	.db #0x00	; 0
   02CF 88                  764 	.db #0x88	; 136
   02D0 44                  765 	.db #0x44	; 68	'D'
   02D1 CC                  766 	.db #0xCC	; 204
   02D2 00                  767 	.db #0x00	; 0
   02D3 44                  768 	.db #0x44	; 68	'D'
   02D4 CC                  769 	.db #0xCC	; 204
   02D5 00                  770 	.db #0x00	; 0
   02D6 A0                  771 	.db #0xA0	; 160
   02D7 00                  772 	.db #0x00	; 0
   02D8 A0                  773 	.db #0xA0	; 160
   02D9 A0                  774 	.db #0xA0	; 160
   02DA 00                  775 	.db #0x00	; 0
   02DB A0                  776 	.db #0xA0	; 160
   02DC A0                  777 	.db #0xA0	; 160
   02DD 00                  778 	.db #0x00	; 0
   02DE A0                  779 	.db #0xA0	; 160
   02DF A0                  780 	.db #0xA0	; 160
   02E0 00                  781 	.db #0x00	; 0
   02E1 A0                  782 	.db #0xA0	; 160
   02E2 A0                  783 	.db #0xA0	; 160
   02E3 00                  784 	.db #0x00	; 0
   02E4 A0                  785 	.db #0xA0	; 160
   02E5 88                  786 	.db #0x88	; 136
   02E6 00                  787 	.db #0x00	; 0
   02E7 88                  788 	.db #0x88	; 136
   02E8 44                  789 	.db #0x44	; 68	'D'
   02E9 44                  790 	.db #0x44	; 68	'D'
   02EA 00                  791 	.db #0x00	; 0
   02EB 44                  792 	.db #0x44	; 68	'D'
   02EC CC                  793 	.db #0xCC	; 204
   02ED 00                  794 	.db #0x00	; 0
   02EE 44                  795 	.db #0x44	; 68	'D'
   02EF CC                  796 	.db #0xCC	; 204
   02F0 00                  797 	.db #0x00	; 0
   02F1 44                  798 	.db #0x44	; 68	'D'
   02F2 88                  799 	.db #0x88	; 136
   02F3 00                  800 	.db #0x00	; 0
   02F4 44                  801 	.db #0x44	; 68	'D'
   02F5 00                  802 	.db #0x00	; 0
   02F6 00                  803 	.db #0x00	; 0
   02F7 A0                  804 	.db #0xA0	; 160
   02F8 00                  805 	.db #0x00	; 0
   02F9 A0                  806 	.db #0xA0	; 160
   02FA A0                  807 	.db #0xA0	; 160
   02FB 00                  808 	.db #0x00	; 0
   02FC A0                  809 	.db #0xA0	; 160
   02FD A0                  810 	.db #0xA0	; 160
   02FE 00                  811 	.db #0x00	; 0
   02FF A0                  812 	.db #0xA0	; 160
   0300 A0                  813 	.db #0xA0	; 160
   0301 00                  814 	.db #0x00	; 0
   0302 A0                  815 	.db #0xA0	; 160
   0303 A0                  816 	.db #0xA0	; 160
   0304 00                  817 	.db #0x00	; 0
   0305 A0                  818 	.db #0xA0	; 160
   0306 88                  819 	.db #0x88	; 136
   0307 00                  820 	.db #0x00	; 0
   0308 88                  821 	.db #0x88	; 136
   0309 CC                  822 	.db #0xCC	; 204
   030A 44                  823 	.db #0x44	; 68	'D'
   030B 88                  824 	.db #0x88	; 136
   030C CC                  825 	.db #0xCC	; 204
   030D CC                  826 	.db #0xCC	; 204
   030E 88                  827 	.db #0x88	; 136
   030F CC                  828 	.db #0xCC	; 204
   0310 CC                  829 	.db #0xCC	; 204
   0311 88                  830 	.db #0x88	; 136
   0312 88                  831 	.db #0x88	; 136
   0313 88                  832 	.db #0x88	; 136
   0314 88                  833 	.db #0x88	; 136
   0315 88                  834 	.db #0x88	; 136
   0316 00                  835 	.db #0x00	; 0
   0317 88                  836 	.db #0x88	; 136
   0318 A0                  837 	.db #0xA0	; 160
   0319 00                  838 	.db #0x00	; 0
   031A A0                  839 	.db #0xA0	; 160
   031B F0                  840 	.db #0xF0	; 240
   031C 50                  841 	.db #0x50	; 80	'P'
   031D A0                  842 	.db #0xA0	; 160
   031E 50                  843 	.db #0x50	; 80	'P'
   031F 50                  844 	.db #0x50	; 80	'P'
   0320 00                  845 	.db #0x00	; 0
   0321 00                  846 	.db #0x00	; 0
   0322 A0                  847 	.db #0xA0	; 160
   0323 00                  848 	.db #0x00	; 0
   0324 50                  849 	.db #0x50	; 80	'P'
   0325 50                  850 	.db #0x50	; 80	'P'
   0326 00                  851 	.db #0x00	; 0
   0327 44                  852 	.db #0x44	; 68	'D'
   0328 44                  853 	.db #0x44	; 68	'D'
   0329 00                  854 	.db #0x00	; 0
   032A 88                  855 	.db #0x88	; 136
   032B 00                  856 	.db #0x00	; 0
   032C 88                  857 	.db #0x88	; 136
   032D 88                  858 	.db #0x88	; 136
   032E 00                  859 	.db #0x00	; 0
   032F 88                  860 	.db #0x88	; 136
   0330 88                  861 	.db #0x88	; 136
   0331 00                  862 	.db #0x00	; 0
   0332 88                  863 	.db #0x88	; 136
   0333 88                  864 	.db #0x88	; 136
   0334 00                  865 	.db #0x00	; 0
   0335 88                  866 	.db #0x88	; 136
   0336 88                  867 	.db #0x88	; 136
   0337 00                  868 	.db #0x00	; 0
   0338 88                  869 	.db #0x88	; 136
   0339 A0                  870 	.db #0xA0	; 160
   033A 00                  871 	.db #0x00	; 0
   033B A0                  872 	.db #0xA0	; 160
   033C A0                  873 	.db #0xA0	; 160
   033D 00                  874 	.db #0x00	; 0
   033E A0                  875 	.db #0xA0	; 160
   033F 50                  876 	.db #0x50	; 80	'P'
   0340 50                  877 	.db #0x50	; 80	'P'
   0341 00                  878 	.db #0x00	; 0
   0342 00                  879 	.db #0x00	; 0
   0343 A0                  880 	.db #0xA0	; 160
   0344 00                  881 	.db #0x00	; 0
   0345 00                  882 	.db #0x00	; 0
   0346 A0                  883 	.db #0xA0	; 160
   0347 00                  884 	.db #0x00	; 0
   0348 00                  885 	.db #0x00	; 0
   0349 88                  886 	.db #0x88	; 136
   034A 00                  887 	.db #0x00	; 0
   034B 00                  888 	.db #0x00	; 0
   034C 88                  889 	.db #0x88	; 136
   034D 00                  890 	.db #0x00	; 0
   034E 00                  891 	.db #0x00	; 0
   034F 88                  892 	.db #0x88	; 136
   0350 00                  893 	.db #0x00	; 0
   0351 00                  894 	.db #0x00	; 0
   0352 88                  895 	.db #0x88	; 136
   0353 00                  896 	.db #0x00	; 0
   0354 00                  897 	.db #0x00	; 0
   0355 88                  898 	.db #0x88	; 136
   0356 00                  899 	.db #0x00	; 0
   0357 00                  900 	.db #0x00	; 0
   0358 88                  901 	.db #0x88	; 136
   0359 00                  902 	.db #0x00	; 0
   035A F0                  903 	.db #0xF0	; 240
   035B F0                  904 	.db #0xF0	; 240
   035C A0                  905 	.db #0xA0	; 160
   035D F0                  906 	.db #0xF0	; 240
   035E F0                  907 	.db #0xF0	; 240
   035F A0                  908 	.db #0xA0	; 160
   0360 00                  909 	.db #0x00	; 0
   0361 00                  910 	.db #0x00	; 0
   0362 A0                  911 	.db #0xA0	; 160
   0363 00                  912 	.db #0x00	; 0
   0364 50                  913 	.db #0x50	; 80	'P'
   0365 00                  914 	.db #0x00	; 0
   0366 00                  915 	.db #0x00	; 0
   0367 A0                  916 	.db #0xA0	; 160
   0368 00                  917 	.db #0x00	; 0
   0369 44                  918 	.db #0x44	; 68	'D'
   036A 00                  919 	.db #0x00	; 0
   036B 00                  920 	.db #0x00	; 0
   036C 44                  921 	.db #0x44	; 68	'D'
   036D 00                  922 	.db #0x00	; 0
   036E 00                  923 	.db #0x00	; 0
   036F 88                  924 	.db #0x88	; 136
   0370 00                  925 	.db #0x00	; 0
   0371 00                  926 	.db #0x00	; 0
   0372 88                  927 	.db #0x88	; 136
   0373 00                  928 	.db #0x00	; 0
   0374 00                  929 	.db #0x00	; 0
   0375 CC                  930 	.db #0xCC	; 204
   0376 CC                  931 	.db #0xCC	; 204
   0377 88                  932 	.db #0x88	; 136
   0378 CC                  933 	.db #0xCC	; 204
   0379 CC                  934 	.db #0xCC	; 204
   037A 88                  935 	.db #0x88	; 136
   037B F0                  936 	.db #0xF0	; 240
   037C F0                  937 	.db #0xF0	; 240
   037D F0                  938 	.db #0xF0	; 240
   037E F0                  939 	.db #0xF0	; 240
   037F F0                  940 	.db #0xF0	; 240
   0380 F0                  941 	.db #0xF0	; 240
   0381 F0                  942 	.db #0xF0	; 240
   0382 F0                  943 	.db #0xF0	; 240
   0383 F0                  944 	.db #0xF0	; 240
   0384 F0                  945 	.db #0xF0	; 240
   0385 F0                  946 	.db #0xF0	; 240
   0386 F0                  947 	.db #0xF0	; 240
   0387 F0                  948 	.db #0xF0	; 240
   0388 F0                  949 	.db #0xF0	; 240
   0389 F0                  950 	.db #0xF0	; 240
   038A F0                  951 	.db #0xF0	; 240
   038B F0                  952 	.db #0xF0	; 240
   038C F0                  953 	.db #0xF0	; 240
   038D F0                  954 	.db #0xF0	; 240
   038E 58                  955 	.db #0x58	; 88	'X'
   038F F0                  956 	.db #0xF0	; 240
   0390 F0                  957 	.db #0xF0	; 240
   0391 A4                  958 	.db #0xA4	; 164
   0392 F0                  959 	.db #0xF0	; 240
   0393 F0                  960 	.db #0xF0	; 240
   0394 A4                  961 	.db #0xA4	; 164
   0395 F0                  962 	.db #0xF0	; 240
   0396 F0                  963 	.db #0xF0	; 240
   0397 A4                  964 	.db #0xA4	; 164
   0398 F0                  965 	.db #0xF0	; 240
   0399 F0                  966 	.db #0xF0	; 240
   039A 0C                  967 	.db #0x0C	; 12
   039B F0                  968 	.db #0xF0	; 240
   039C F0                  969 	.db #0xF0	; 240
   039D F0                  970 	.db #0xF0	; 240
   039E F0                  971 	.db #0xF0	; 240
   039F F0                  972 	.db #0xF0	; 240
   03A0 F0                  973 	.db #0xF0	; 240
   03A1 F0                  974 	.db #0xF0	; 240
   03A2 F0                  975 	.db #0xF0	; 240
   03A3 F0                  976 	.db #0xF0	; 240
   03A4 F0                  977 	.db #0xF0	; 240
   03A5 F0                  978 	.db #0xF0	; 240
   03A6 F0                  979 	.db #0xF0	; 240
   03A7 F0                  980 	.db #0xF0	; 240
   03A8 F0                  981 	.db #0xF0	; 240
   03A9 F0                  982 	.db #0xF0	; 240
   03AA F0                  983 	.db #0xF0	; 240
   03AB F0                  984 	.db #0xF0	; 240
   03AC F0                  985 	.db #0xF0	; 240
   03AD F0                  986 	.db #0xF0	; 240
   03AE F0                  987 	.db #0xF0	; 240
   03AF F0                  988 	.db #0xF0	; 240
   03B0 F0                  989 	.db #0xF0	; 240
   03B1 F0                  990 	.db #0xF0	; 240
   03B2 A4                  991 	.db #0xA4	; 164
   03B3 F0                  992 	.db #0xF0	; 240
   03B4 F0                  993 	.db #0xF0	; 240
   03B5 A4                  994 	.db #0xA4	; 164
   03B6 F0                  995 	.db #0xF0	; 240
   03B7 F0                  996 	.db #0xF0	; 240
   03B8 A4                  997 	.db #0xA4	; 164
   03B9 F0                  998 	.db #0xF0	; 240
   03BA F0                  999 	.db #0xF0	; 240
   03BB A4                 1000 	.db #0xA4	; 164
   03BC F0                 1001 	.db #0xF0	; 240
   03BD F0                 1002 	.db #0xF0	; 240
   03BE F0                 1003 	.db #0xF0	; 240
   03BF F0                 1004 	.db #0xF0	; 240
   03C0 F0                 1005 	.db #0xF0	; 240
   03C1 B4                 1006 	.db #0xB4	; 180
   03C2 F0                 1007 	.db #0xF0	; 240
   03C3 F0                 1008 	.db #0xF0	; 240
   03C4 B4                 1009 	.db #0xB4	; 180
   03C5 F0                 1010 	.db #0xF0	; 240
   03C6 F0                 1011 	.db #0xF0	; 240
   03C7 B4                 1012 	.db #0xB4	; 180
   03C8 F0                 1013 	.db #0xF0	; 240
   03C9 F0                 1014 	.db #0xF0	; 240
   03CA B4                 1015 	.db #0xB4	; 180
   03CB F0                 1016 	.db #0xF0	; 240
   03CC F0                 1017 	.db #0xF0	; 240
   03CD F0                 1018 	.db #0xF0	; 240
   03CE F0                 1019 	.db #0xF0	; 240
   03CF F0                 1020 	.db #0xF0	; 240
   03D0 F0                 1021 	.db #0xF0	; 240
   03D1 F0                 1022 	.db #0xF0	; 240
   03D2 F0                 1023 	.db #0xF0	; 240
   03D3 A4                 1024 	.db #0xA4	; 164
   03D4 F0                 1025 	.db #0xF0	; 240
   03D5 F0                 1026 	.db #0xF0	; 240
   03D6 A4                 1027 	.db #0xA4	; 164
   03D7 F0                 1028 	.db #0xF0	; 240
   03D8 F0                 1029 	.db #0xF0	; 240
   03D9 A4                 1030 	.db #0xA4	; 164
   03DA F0                 1031 	.db #0xF0	; 240
   03DB F0                 1032 	.db #0xF0	; 240
   03DC 58                 1033 	.db #0x58	; 88	'X'
   03DD F0                 1034 	.db #0xF0	; 240
   03DE F0                 1035 	.db #0xF0	; 240
   03DF F0                 1036 	.db #0xF0	; 240
   03E0 F0                 1037 	.db #0xF0	; 240
   03E1 F0                 1038 	.db #0xF0	; 240
   03E2 B4                 1039 	.db #0xB4	; 180
   03E3 F0                 1040 	.db #0xF0	; 240
   03E4 F0                 1041 	.db #0xF0	; 240
   03E5 B4                 1042 	.db #0xB4	; 180
   03E6 F0                 1043 	.db #0xF0	; 240
   03E7 F0                 1044 	.db #0xF0	; 240
   03E8 B4                 1045 	.db #0xB4	; 180
   03E9 F0                 1046 	.db #0xF0	; 240
   03EA F0                 1047 	.db #0xF0	; 240
   03EB B4                 1048 	.db #0xB4	; 180
   03EC F0                 1049 	.db #0xF0	; 240
   03ED F0                 1050 	.db #0xF0	; 240
   03EE F0                 1051 	.db #0xF0	; 240
   03EF F0                 1052 	.db #0xF0	; 240
   03F0 F0                 1053 	.db #0xF0	; 240
   03F1 F0                 1054 	.db #0xF0	; 240
   03F2 F0                 1055 	.db #0xF0	; 240
   03F3 F0                 1056 	.db #0xF0	; 240
   03F4 A4                 1057 	.db #0xA4	; 164
   03F5 F0                 1058 	.db #0xF0	; 240
   03F6 F0                 1059 	.db #0xF0	; 240
   03F7 A4                 1060 	.db #0xA4	; 164
   03F8 F0                 1061 	.db #0xF0	; 240
   03F9 F0                 1062 	.db #0xF0	; 240
   03FA A4                 1063 	.db #0xA4	; 164
   03FB F0                 1064 	.db #0xF0	; 240
   03FC F0                 1065 	.db #0xF0	; 240
   03FD A4                 1066 	.db #0xA4	; 164
   03FE F0                 1067 	.db #0xF0	; 240
   03FF F0                 1068 	.db #0xF0	; 240
   0400 F0                 1069 	.db #0xF0	; 240
   0401 F0                 1070 	.db #0xF0	; 240
   0402 F0                 1071 	.db #0xF0	; 240
   0403 F0                 1072 	.db #0xF0	; 240
   0404 F0                 1073 	.db #0xF0	; 240
   0405 F0                 1074 	.db #0xF0	; 240
   0406 F0                 1075 	.db #0xF0	; 240
   0407 F0                 1076 	.db #0xF0	; 240
   0408 F0                 1077 	.db #0xF0	; 240
   0409 F0                 1078 	.db #0xF0	; 240
   040A F0                 1079 	.db #0xF0	; 240
   040B F0                 1080 	.db #0xF0	; 240
   040C F0                 1081 	.db #0xF0	; 240
   040D F0                 1082 	.db #0xF0	; 240
   040E F0                 1083 	.db #0xF0	; 240
   040F F0                 1084 	.db #0xF0	; 240
   0410 F0                 1085 	.db #0xF0	; 240
   0411 F0                 1086 	.db #0xF0	; 240
   0412 A4                 1087 	.db #0xA4	; 164
   0413 0C                 1088 	.db #0x0C	; 12
   0414 F0                 1089 	.db #0xF0	; 240
   0415 A4                 1090 	.db #0xA4	; 164
   0416 0C                 1091 	.db #0x0C	; 12
   0417 F0                 1092 	.db #0xF0	; 240
   0418 F0                 1093 	.db #0xF0	; 240
   0419 F0                 1094 	.db #0xF0	; 240
   041A F0                 1095 	.db #0xF0	; 240
   041B F0                 1096 	.db #0xF0	; 240
   041C F0                 1097 	.db #0xF0	; 240
   041D F0                 1098 	.db #0xF0	; 240
   041E F0                 1099 	.db #0xF0	; 240
   041F F0                 1100 	.db #0xF0	; 240
   0420 F0                 1101 	.db #0xF0	; 240
   0421 F0                 1102 	.db #0xF0	; 240
   0422 78                 1103 	.db #0x78	; 120	'x'
   0423 F0                 1104 	.db #0xF0	; 240
   0424 F0                 1105 	.db #0xF0	; 240
   0425 78                 1106 	.db #0x78	; 120	'x'
   0426 F0                 1107 	.db #0xF0	; 240
   0427 F0                 1108 	.db #0xF0	; 240
   0428 78                 1109 	.db #0x78	; 120	'x'
   0429 F0                 1110 	.db #0xF0	; 240
   042A F0                 1111 	.db #0xF0	; 240
   042B 78                 1112 	.db #0x78	; 120	'x'
   042C F0                 1113 	.db #0xF0	; 240
   042D F0                 1114 	.db #0xF0	; 240
   042E 78                 1115 	.db #0x78	; 120	'x'
   042F F0                 1116 	.db #0xF0	; 240
   0430 F0                 1117 	.db #0xF0	; 240
   0431 58                 1118 	.db #0x58	; 88	'X'
   0432 F0                 1119 	.db #0xF0	; 240
   0433 F0                 1120 	.db #0xF0	; 240
   0434 58                 1121 	.db #0x58	; 88	'X'
   0435 F0                 1122 	.db #0xF0	; 240
   0436 F0                 1123 	.db #0xF0	; 240
   0437 58                 1124 	.db #0x58	; 88	'X'
   0438 F0                 1125 	.db #0xF0	; 240
   0439 F0                 1126 	.db #0xF0	; 240
   043A F0                 1127 	.db #0xF0	; 240
   043B F0                 1128 	.db #0xF0	; 240
   043C F0                 1129 	.db #0xF0	; 240
   043D 58                 1130 	.db #0x58	; 88	'X'
   043E F0                 1131 	.db #0xF0	; 240
   043F F0                 1132 	.db #0xF0	; 240
   0440 58                 1133 	.db #0x58	; 88	'X'
   0441 F0                 1134 	.db #0xF0	; 240
   0442 B4                 1135 	.db #0xB4	; 180
   0443 3C                 1136 	.db #0x3C	; 60
   0444 F0                 1137 	.db #0xF0	; 240
   0445 3C                 1138 	.db #0x3C	; 60
   0446 3C                 1139 	.db #0x3C	; 60
   0447 F0                 1140 	.db #0xF0	; 240
   0448 78                 1141 	.db #0x78	; 120	'x'
   0449 F0                 1142 	.db #0xF0	; 240
   044A F0                 1143 	.db #0xF0	; 240
   044B F0                 1144 	.db #0xF0	; 240
   044C F0                 1145 	.db #0xF0	; 240
   044D F0                 1146 	.db #0xF0	; 240
   044E F0                 1147 	.db #0xF0	; 240
   044F B4                 1148 	.db #0xB4	; 180
   0450 F0                 1149 	.db #0xF0	; 240
   0451 F0                 1150 	.db #0xF0	; 240
   0452 0C                 1151 	.db #0x0C	; 12
   0453 F0                 1152 	.db #0xF0	; 240
   0454 A4                 1153 	.db #0xA4	; 164
   0455 58                 1154 	.db #0x58	; 88	'X'
   0456 F0                 1155 	.db #0xF0	; 240
   0457 A4                 1156 	.db #0xA4	; 164
   0458 F0                 1157 	.db #0xF0	; 240
   0459 F0                 1158 	.db #0xF0	; 240
   045A F0                 1159 	.db #0xF0	; 240
   045B F0                 1160 	.db #0xF0	; 240
   045C F0                 1161 	.db #0xF0	; 240
   045D A4                 1162 	.db #0xA4	; 164
   045E F0                 1163 	.db #0xF0	; 240
   045F F0                 1164 	.db #0xF0	; 240
   0460 A4                 1165 	.db #0xA4	; 164
   0461 F0                 1166 	.db #0xF0	; 240
   0462 F0                 1167 	.db #0xF0	; 240
   0463 F0                 1168 	.db #0xF0	; 240
   0464 B4                 1169 	.db #0xB4	; 180
   0465 78                 1170 	.db #0x78	; 120	'x'
   0466 F0                 1171 	.db #0xF0	; 240
   0467 B4                 1172 	.db #0xB4	; 180
   0468 78                 1173 	.db #0x78	; 120	'x'
   0469 F0                 1174 	.db #0xF0	; 240
   046A B4                 1175 	.db #0xB4	; 180
   046B 78                 1176 	.db #0x78	; 120	'x'
   046C F0                 1177 	.db #0xF0	; 240
   046D 3C                 1178 	.db #0x3C	; 60
   046E 78                 1179 	.db #0x78	; 120	'x'
   046F F0                 1180 	.db #0xF0	; 240
   0470 3C                 1181 	.db #0x3C	; 60
   0471 F0                 1182 	.db #0xF0	; 240
   0472 F0                 1183 	.db #0xF0	; 240
   0473 F0                 1184 	.db #0xF0	; 240
   0474 F0                 1185 	.db #0xF0	; 240
   0475 F0                 1186 	.db #0xF0	; 240
   0476 F0                 1187 	.db #0xF0	; 240
   0477 F0                 1188 	.db #0xF0	; 240
   0478 F0                 1189 	.db #0xF0	; 240
   0479 F0                 1190 	.db #0xF0	; 240
   047A F0                 1191 	.db #0xF0	; 240
   047B F0                 1192 	.db #0xF0	; 240
   047C F0                 1193 	.db #0xF0	; 240
   047D F0                 1194 	.db #0xF0	; 240
   047E F0                 1195 	.db #0xF0	; 240
   047F F0                 1196 	.db #0xF0	; 240
   0480 F0                 1197 	.db #0xF0	; 240
   0481 F0                 1198 	.db #0xF0	; 240
   0482 F0                 1199 	.db #0xF0	; 240
   0483 78                 1200 	.db #0x78	; 120	'x'
   0484 F0                 1201 	.db #0xF0	; 240
   0485 F0                 1202 	.db #0xF0	; 240
   0486 78                 1203 	.db #0x78	; 120	'x'
   0487 F0                 1204 	.db #0xF0	; 240
   0488 F0                 1205 	.db #0xF0	; 240
   0489 78                 1206 	.db #0x78	; 120	'x'
   048A F0                 1207 	.db #0xF0	; 240
   048B F0                 1208 	.db #0xF0	; 240
   048C F0                 1209 	.db #0xF0	; 240
   048D F0                 1210 	.db #0xF0	; 240
   048E 78                 1211 	.db #0x78	; 120	'x'
   048F F0                 1212 	.db #0xF0	; 240
   0490 F0                 1213 	.db #0xF0	; 240
   0491 78                 1214 	.db #0x78	; 120	'x'
   0492 F0                 1215 	.db #0xF0	; 240
   0493 A4                 1216 	.db #0xA4	; 164
   0494 0C                 1217 	.db #0x0C	; 12
   0495 F0                 1218 	.db #0xF0	; 240
   0496 F0                 1219 	.db #0xF0	; 240
   0497 58                 1220 	.db #0x58	; 88	'X'
   0498 F0                 1221 	.db #0xF0	; 240
   0499 F0                 1222 	.db #0xF0	; 240
   049A 58                 1223 	.db #0x58	; 88	'X'
   049B F0                 1224 	.db #0xF0	; 240
   049C F0                 1225 	.db #0xF0	; 240
   049D F0                 1226 	.db #0xF0	; 240
   049E F0                 1227 	.db #0xF0	; 240
   049F F0                 1228 	.db #0xF0	; 240
   04A0 F0                 1229 	.db #0xF0	; 240
   04A1 F0                 1230 	.db #0xF0	; 240
   04A2 F0                 1231 	.db #0xF0	; 240
   04A3 F0                 1232 	.db #0xF0	; 240
   04A4 A0                 1233 	.db #0xA0	; 160
   04A5 F0                 1234 	.db #0xF0	; 240
   04A6 00                 1235 	.db #0x00	; 0
   04A7 A0                 1236 	.db #0xA0	; 160
   04A8 00                 1237 	.db #0x00	; 0
   04A9 00                 1238 	.db #0x00	; 0
   04AA F0                 1239 	.db #0xF0	; 240
   04AB 00                 1240 	.db #0x00	; 0
   04AC A0                 1241 	.db #0xA0	; 160
   04AD F0                 1242 	.db #0xF0	; 240
   04AE 00                 1243 	.db #0x00	; 0
   04AF A0                 1244 	.db #0xA0	; 160
   04B0 F0                 1245 	.db #0xF0	; 240
   04B1 A0                 1246 	.db #0xA0	; 160
   04B2 A0                 1247 	.db #0xA0	; 160
   04B3 88                 1248 	.db #0x88	; 136
   04B4 CC                 1249 	.db #0xCC	; 204
   04B5 88                 1250 	.db #0x88	; 136
   04B6 88                 1251 	.db #0x88	; 136
   04B7 CC                 1252 	.db #0xCC	; 204
   04B8 88                 1253 	.db #0x88	; 136
   04B9 88                 1254 	.db #0x88	; 136
   04BA 44                 1255 	.db #0x44	; 68	'D'
   04BB 88                 1256 	.db #0x88	; 136
   04BC 88                 1257 	.db #0x88	; 136
   04BD 00                 1258 	.db #0x00	; 0
   04BE 88                 1259 	.db #0x88	; 136
   04BF 88                 1260 	.db #0x88	; 136
   04C0 00                 1261 	.db #0x00	; 0
   04C1 88                 1262 	.db #0x88	; 136
   04C2 88                 1263 	.db #0x88	; 136
   04C3 00                 1264 	.db #0x00	; 0
   04C4 88                 1265 	.db #0x88	; 136
   04C5 00                 1266 	.db 0x00
   04C6 00                 1267 	.db 0x00
   04C7 00                 1268 	.db 0x00
   04C8 00                 1269 	.db 0x00
   04C9 00                 1270 	.db 0x00
   04CA 00                 1271 	.db 0x00
   04CB 00                 1272 	.db 0x00
   04CC 00                 1273 	.db 0x00
   04CD 00                 1274 	.db 0x00
   04CE 00                 1275 	.db 0x00
   04CF 00                 1276 	.db 0x00
   04D0 00                 1277 	.db 0x00
   04D1 00                 1278 	.db 0x00
   04D2 00                 1279 	.db 0x00
   04D3 00                 1280 	.db 0x00
   04D4 00                 1281 	.db 0x00
   04D5 00                 1282 	.db 0x00
   04D6 00                 1283 	.db 0x00
   04D7 00                 1284 	.db 0x00
   04D8 00                 1285 	.db 0x00
   04D9 00                 1286 	.db 0x00
   04DA 00                 1287 	.db 0x00
   04DB 00                 1288 	.db 0x00
   04DC 00                 1289 	.db 0x00
   04DD 00                 1290 	.db 0x00
   04DE 00                 1291 	.db 0x00
   04DF 00                 1292 	.db 0x00
   04E0 00                 1293 	.db 0x00
   04E1 00                 1294 	.db 0x00
   04E2 00                 1295 	.db 0x00
   04E3 00                 1296 	.db 0x00
   04E4 00                 1297 	.db 0x00
   04E5 00                 1298 	.db 0x00
   04E6 00                 1299 	.db 0x00
   04E7 00                 1300 	.db 0x00
   04E8 00                 1301 	.db 0x00
   04E9 00                 1302 	.db 0x00
   04EA 00                 1303 	.db 0x00
   04EB 00                 1304 	.db 0x00
   04EC 00                 1305 	.db 0x00
   04ED 00                 1306 	.db 0x00
   04EE 00                 1307 	.db 0x00
   04EF 00                 1308 	.db 0x00
   04F0 00                 1309 	.db 0x00
   04F1 00                 1310 	.db 0x00
   04F2 00                 1311 	.db 0x00
   04F3 00                 1312 	.db 0x00
   04F4 00                 1313 	.db 0x00
   04F5 00                 1314 	.db 0x00
   04F6 00                 1315 	.db 0x00
   04F7 00                 1316 	.db 0x00
   04F8 00                 1317 	.db 0x00
   04F9 00                 1318 	.db 0x00
   04FA 00                 1319 	.db 0x00
   04FB 00                 1320 	.db 0x00
   04FC 00                 1321 	.db 0x00
   04FD 00                 1322 	.db 0x00
   04FE 00                 1323 	.db 0x00
   04FF 00                 1324 	.db 0x00
   0500 00                 1325 	.db 0x00
   0501 00                 1326 	.db 0x00
   0502 00                 1327 	.db 0x00
   0503 00                 1328 	.db 0x00
   0504 00                 1329 	.db 0x00
   0505 00                 1330 	.db 0x00
   0506 00                 1331 	.db 0x00
                           1332 	.area _INITIALIZER
                           1333 	.area _CABS (ABS)
