                              1 ;--------------------------------------------------------
                              2 ; File Created by SDCC : free open source ANSI-C Compiler
                              3 ; Version 3.5.5 #9498 (Mac OS X x86_64)
                              4 ;--------------------------------------------------------
                              5 	.module font
                              6 	.optsdcc -mz80
                              7 	
                              8 ;--------------------------------------------------------
                              9 ; Public variables in this module
                             10 ;--------------------------------------------------------
                             11 	.globl _G_font
                             12 ;--------------------------------------------------------
                             13 ; special function registers
                             14 ;--------------------------------------------------------
                             15 ;--------------------------------------------------------
                             16 ; ram data
                             17 ;--------------------------------------------------------
                             18 	.area _DATA
                             19 ;--------------------------------------------------------
                             20 ; ram data
                             21 ;--------------------------------------------------------
                             22 	.area _INITIALIZED
                             23 ;--------------------------------------------------------
                             24 ; absolute external ram data
                             25 ;--------------------------------------------------------
                             26 	.area _DABS (ABS)
                             27 ;--------------------------------------------------------
                             28 ; global & static initialisations
                             29 ;--------------------------------------------------------
                             30 	.area _HOME
                             31 	.area _GSINIT
                             32 	.area _GSFINAL
                             33 	.area _GSINIT
                             34 ;--------------------------------------------------------
                             35 ; Home
                             36 ;--------------------------------------------------------
                             37 	.area _HOME
                             38 	.area _HOME
                             39 ;--------------------------------------------------------
                             40 ; code
                             41 ;--------------------------------------------------------
                             42 	.area _CODE
                             43 	.area _CODE
   0000                      44 _G_font:
   0000 10                   45 	.db #0x10	; 16
   0001 20                   46 	.db #0x20	; 32
   0002 24                   47 	.db #0x24	; 36
   0003 18                   48 	.db #0x18	; 24
   0004 18                   49 	.db #0x18	; 24
   0005 60                   50 	.db #0x60	; 96
   0006 18                   51 	.db #0x18	; 24
   0007 0C                   52 	.db #0x0C	; 12
   0008 9A                   53 	.db #0x9A	; 154
   0009 CF                   54 	.db #0xCF	; 207
   000A 9A                   55 	.db #0x9A	; 154
   000B 30                   56 	.db #0x30	; 48	'0'
   000C 65                   57 	.db #0x65	; 101	'e'
   000D 9A                   58 	.db #0x9A	; 154
   000E 10                   59 	.db #0x10	; 16
   000F 20                   60 	.db #0x20	; 32
   0010 00                   61 	.db #0x00	; 0
   0011 20                   62 	.db #0x20	; 32
   0012 10                   63 	.db #0x10	; 16
   0013 18                   64 	.db #0x18	; 24
   0014 24                   65 	.db #0x24	; 36
   0015 60                   66 	.db #0x60	; 96
   0016 24                   67 	.db #0x24	; 36
   0017 24                   68 	.db #0x24	; 36
   0018 65                   69 	.db #0x65	; 101	'e'
   0019 CF                   70 	.db #0xCF	; 207
   001A 65                   71 	.db #0x65	; 101	'e'
   001B 65                   72 	.db #0x65	; 101	'e'
   001C 65                   73 	.db #0x65	; 101	'e'
   001D 65                   74 	.db #0x65	; 101	'e'
   001E 10                   75 	.db #0x10	; 16
   001F 10                   76 	.db #0x10	; 16
   0020 10                   77 	.db #0x10	; 16
   0021 20                   78 	.db #0x20	; 32
   0022 24                   79 	.db #0x24	; 36
   0023 90                   80 	.db #0x90	; 144
   0024 24                   81 	.db #0x24	; 36
   0025 60                   82 	.db #0x60	; 96
   0026 24                   83 	.db #0x24	; 36
   0027 0C                   84 	.db #0x0C	; 12
   0028 65                   85 	.db #0x65	; 101	'e'
   0029 CF                   86 	.db #0xCF	; 207
   002A 65                   87 	.db #0x65	; 101	'e'
   002B 65                   88 	.db #0x65	; 101	'e'
   002C 65                   89 	.db #0x65	; 101	'e'
   002D 9A                   90 	.db #0x9A	; 154
   002E 10                   91 	.db #0x10	; 16
   002F 20                   92 	.db #0x20	; 32
   0030 00                   93 	.db #0x00	; 0
   0031 20                   94 	.db #0x20	; 32
   0032 10                   95 	.db #0x10	; 16
   0033 18                   96 	.db #0x18	; 24
   0034 24                   97 	.db #0x24	; 36
   0035 60                   98 	.db #0x60	; 96
   0036 24                   99 	.db #0x24	; 36
   0037 30                  100 	.db #0x30	; 48	'0'
   0038 65                  101 	.db #0x65	; 101	'e'
   0039 30                  102 	.db #0x30	; 48	'0'
   003A 65                  103 	.db #0x65	; 101	'e'
   003B 65                  104 	.db #0x65	; 101	'e'
   003C 10                  105 	.db #0x10	; 16
   003D 9A                  106 	.db #0x9A	; 154
   003E 00                  107 	.db #0x00	; 0
   003F 20                  108 	.db #0x20	; 32
   0040 10                  109 	.db #0x10	; 16
   0041 20                  110 	.db #0x20	; 32
   0042 24                  111 	.db #0x24	; 36
   0043 90                  112 	.db #0x90	; 144
   0044 24                  113 	.db #0x24	; 36
   0045 60                  114 	.db #0x60	; 96
   0046 24                  115 	.db #0x24	; 36
   0047 24                  116 	.db #0x24	; 36
   0048 65                  117 	.db #0x65	; 101	'e'
   0049 65                  118 	.db #0x65	; 101	'e'
   004A 65                  119 	.db #0x65	; 101	'e'
   004B 65                  120 	.db #0x65	; 101	'e'
   004C 65                  121 	.db #0x65	; 101	'e'
   004D 9A                  122 	.db #0x9A	; 154
   004E 10                  123 	.db #0x10	; 16
   004F 20                  124 	.db #0x20	; 32
   0050 10                  125 	.db #0x10	; 16
   0051 30                  126 	.db #0x30	; 48	'0'
   0052 24                  127 	.db #0x24	; 36
   0053 48                  128 	.db #0x48	; 72	'H'
   0054 24                  129 	.db #0x24	; 36
   0055 30                  130 	.db #0x30	; 48	'0'
   0056 24                  131 	.db #0x24	; 36
   0057 18                  132 	.db #0x18	; 24
   0058 65                  133 	.db #0x65	; 101	'e'
   0059 20                  134 	.db #0x20	; 32
   005A 65                  135 	.db #0x65	; 101	'e'
   005B 30                  136 	.db #0x30	; 48	'0'
   005C 65                  137 	.db #0x65	; 101	'e'
   005D CF                  138 	.db #0xCF	; 207
   005E 10                  139 	.db #0x10	; 16
   005F 30                  140 	.db #0x30	; 48	'0'
   0060 10                  141 	.db #0x10	; 16
   0061 30                  142 	.db #0x30	; 48	'0'
   0062 24                  143 	.db #0x24	; 36
   0063 48                  144 	.db #0x48	; 72	'H'
   0064 24                  145 	.db #0x24	; 36
   0065 30                  146 	.db #0x30	; 48	'0'
   0066 24                  147 	.db #0x24	; 36
   0067 20                  148 	.db #0x20	; 32
   0068 65                  149 	.db #0x65	; 101	'e'
   0069 9A                  150 	.db #0x9A	; 154
   006A 65                  151 	.db #0x65	; 101	'e'
   006B 20                  152 	.db #0x20	; 32
   006C 65                  153 	.db #0x65	; 101	'e'
   006D 20                  154 	.db #0x20	; 32
   006E 10                  155 	.db #0x10	; 16
   006F 00                  156 	.db #0x00	; 0
   0070 00                  157 	.db #0x00	; 0
   0071 20                  158 	.db #0x20	; 32
   0072 10                  159 	.db #0x10	; 16
   0073 90                  160 	.db #0x90	; 144
   0074 24                  161 	.db #0x24	; 36
   0075 60                  162 	.db #0x60	; 96
   0076 24                  163 	.db #0x24	; 36
   0077 30                  164 	.db #0x30	; 48	'0'
   0078 65                  165 	.db #0x65	; 101	'e'
   0079 65                  166 	.db #0x65	; 101	'e'
   007A 65                  167 	.db #0x65	; 101	'e'
   007B 65                  168 	.db #0x65	; 101	'e'
   007C 10                  169 	.db #0x10	; 16
   007D CF                  170 	.db #0xCF	; 207
   007E 00                  171 	.db #0x00	; 0
   007F 30                  172 	.db #0x30	; 48	'0'
   0080 10                  173 	.db #0x10	; 16
   0081 10                  174 	.db #0x10	; 16
   0082 24                  175 	.db #0x24	; 36
   0083 60                  176 	.db #0x60	; 96
   0084 24                  177 	.db #0x24	; 36
   0085 24                  178 	.db #0x24	; 36
   0086 24                  179 	.db #0x24	; 36
   0087 0C                  180 	.db #0x0C	; 12
   0088 65                  181 	.db #0x65	; 101	'e'
   0089 65                  182 	.db #0x65	; 101	'e'
   008A 65                  183 	.db #0x65	; 101	'e'
   008B 65                  184 	.db #0x65	; 101	'e'
   008C 65                  185 	.db #0x65	; 101	'e'
   008D 65                  186 	.db #0x65	; 101	'e'
   008E 10                  187 	.db #0x10	; 16
   008F 10                  188 	.db #0x10	; 16
   0090 00                  189 	.db #0x00	; 0
   0091 20                  190 	.db #0x20	; 32
   0092 10                  191 	.db #0x10	; 16
   0093 90                  192 	.db #0x90	; 144
   0094 10                  193 	.db #0x10	; 16
   0095 18                  194 	.db #0x18	; 24
   0096 10                  195 	.db #0x10	; 16
   0097 18                  196 	.db #0x18	; 24
   0098 10                  197 	.db #0x10	; 16
   0099 9A                  198 	.db #0x9A	; 154
   009A 10                  199 	.db #0x10	; 16
   009B 9A                  200 	.db #0x9A	; 154
   009C 10                  201 	.db #0x10	; 16
   009D 9A                  202 	.db #0x9A	; 154
   009E 00                  203 	.db #0x00	; 0
   009F 20                  204 	.db #0x20	; 32
   00A0 00                  205 	.db #0x00	; 0
   00A1 10                  206 	.db #0x10	; 16
   00A2 00                  207 	.db #0x00	; 0
   00A3 60                  208 	.db #0x60	; 96
   00A4 00                  209 	.db #0x00	; 0
   00A5 24                  210 	.db #0x24	; 36
   00A6 00                  211 	.db #0x00	; 0
   00A7 24                  212 	.db #0x24	; 36
   00A8 10                  213 	.db #0x10	; 16
   00A9 65                  214 	.db #0x65	; 101	'e'
   00AA 65                  215 	.db #0x65	; 101	'e'
   00AB 65                  216 	.db #0x65	; 101	'e'
   00AC 10                  217 	.db #0x10	; 16
   00AD 9A                  218 	.db #0x9A	; 154
   00AE 00                  219 	.db #0x00	; 0
   00AF 20                  220 	.db #0x20	; 32
   00B0 10                  221 	.db #0x10	; 16
   00B1 10                  222 	.db #0x10	; 16
   00B2 24                  223 	.db #0x24	; 36
   00B3 60                  224 	.db #0x60	; 96
   00B4 24                  225 	.db #0x24	; 36
   00B5 24                  226 	.db #0x24	; 36
   00B6 24                  227 	.db #0x24	; 36
   00B7 18                  228 	.db #0x18	; 24
   00B8 65                  229 	.db #0x65	; 101	'e'
   00B9 9A                  230 	.db #0x9A	; 154
   00BA 65                  231 	.db #0x65	; 101	'e'
   00BB 65                  232 	.db #0x65	; 101	'e'
   00BC 65                  233 	.db #0x65	; 101	'e'
   00BD 65                  234 	.db #0x65	; 101	'e'
   00BE 10                  235 	.db #0x10	; 16
   00BF 10                  236 	.db #0x10	; 16
   00C0 10                  237 	.db #0x10	; 16
   00C1 00                  238 	.db #0x00	; 0
   00C2 60                  239 	.db #0x60	; 96
   00C3 20                  240 	.db #0x20	; 32
   00C4 24                  241 	.db #0x24	; 36
   00C5 20                  242 	.db #0x20	; 32
   00C6 24                  243 	.db #0x24	; 36
   00C7 20                  244 	.db #0x20	; 32
   00C8 65                  245 	.db #0x65	; 101	'e'
   00C9 20                  246 	.db #0x20	; 32
   00CA 65                  247 	.db #0x65	; 101	'e'
   00CB 30                  248 	.db #0x30	; 48	'0'
   00CC 65                  249 	.db #0x65	; 101	'e'
   00CD CF                  250 	.db #0xCF	; 207
   00CE 10                  251 	.db #0x10	; 16
   00CF 30                  252 	.db #0x30	; 48	'0'
   00D0 10                  253 	.db #0x10	; 16
   00D1 10                  254 	.db #0x10	; 16
   00D2 24                  255 	.db #0x24	; 36
   00D3 60                  256 	.db #0x60	; 96
   00D4 24                  257 	.db #0x24	; 36
   00D5 0C                  258 	.db #0x0C	; 12
   00D6 65                  259 	.db #0x65	; 101	'e'
   00D7 4D                  260 	.db #0x4D	; 77	'M'
   00D8 65                  261 	.db #0x65	; 101	'e'
   00D9 65                  262 	.db #0x65	; 101	'e'
   00DA 65                  263 	.db #0x65	; 101	'e'
   00DB 65                  264 	.db #0x65	; 101	'e'
   00DC 65                  265 	.db #0x65	; 101	'e'
   00DD 65                  266 	.db #0x65	; 101	'e'
   00DE 10                  267 	.db #0x10	; 16
   00DF 10                  268 	.db #0x10	; 16
   00E0 10                  269 	.db #0x10	; 16
   00E1 10                  270 	.db #0x10	; 16
   00E2 24                  271 	.db #0x24	; 36
   00E3 60                  272 	.db #0x60	; 96
   00E4 24                  273 	.db #0x24	; 36
   00E5 24                  274 	.db #0x24	; 36
   00E6 65                  275 	.db #0x65	; 101	'e'
   00E7 0C                  276 	.db #0x0C	; 12
   00E8 65                  277 	.db #0x65	; 101	'e'
   00E9 8E                  278 	.db #0x8E	; 142
   00EA 65                  279 	.db #0x65	; 101	'e'
   00EB 65                  280 	.db #0x65	; 101	'e'
   00EC 65                  281 	.db #0x65	; 101	'e'
   00ED 65                  282 	.db #0x65	; 101	'e'
   00EE 10                  283 	.db #0x10	; 16
   00EF 10                  284 	.db #0x10	; 16
   00F0 00                  285 	.db #0x00	; 0
   00F1 20                  286 	.db #0x20	; 32
   00F2 10                  287 	.db #0x10	; 16
   00F3 90                  288 	.db #0x90	; 144
   00F4 24                  289 	.db #0x24	; 36
   00F5 60                  290 	.db #0x60	; 96
   00F6 24                  291 	.db #0x24	; 36
   00F7 24                  292 	.db #0x24	; 36
   00F8 65                  293 	.db #0x65	; 101	'e'
   00F9 65                  294 	.db #0x65	; 101	'e'
   00FA 65                  295 	.db #0x65	; 101	'e'
   00FB 65                  296 	.db #0x65	; 101	'e'
   00FC 10                  297 	.db #0x10	; 16
   00FD 9A                  298 	.db #0x9A	; 154
   00FE 00                  299 	.db #0x00	; 0
   00FF 20                  300 	.db #0x20	; 32
   0100 10                  301 	.db #0x10	; 16
   0101 20                  302 	.db #0x20	; 32
   0102 24                  303 	.db #0x24	; 36
   0103 90                  304 	.db #0x90	; 144
   0104 24                  305 	.db #0x24	; 36
   0105 60                  306 	.db #0x60	; 96
   0106 24                  307 	.db #0x24	; 36
   0107 24                  308 	.db #0x24	; 36
   0108 65                  309 	.db #0x65	; 101	'e'
   0109 9A                  310 	.db #0x9A	; 154
   010A 65                  311 	.db #0x65	; 101	'e'
   010B 20                  312 	.db #0x20	; 32
   010C 65                  313 	.db #0x65	; 101	'e'
   010D 20                  314 	.db #0x20	; 32
   010E 10                  315 	.db #0x10	; 16
   010F 00                  316 	.db #0x00	; 0
   0110 00                  317 	.db #0x00	; 0
   0111 20                  318 	.db #0x20	; 32
   0112 10                  319 	.db #0x10	; 16
   0113 90                  320 	.db #0x90	; 144
   0114 24                  321 	.db #0x24	; 36
   0115 60                  322 	.db #0x60	; 96
   0116 24                  323 	.db #0x24	; 36
   0117 24                  324 	.db #0x24	; 36
   0118 65                  325 	.db #0x65	; 101	'e'
   0119 65                  326 	.db #0x65	; 101	'e'
   011A 65                  327 	.db #0x65	; 101	'e'
   011B CF                  328 	.db #0xCF	; 207
   011C 10                  329 	.db #0x10	; 16
   011D CF                  330 	.db #0xCF	; 207
   011E 00                  331 	.db #0x00	; 0
   011F 30                  332 	.db #0x30	; 48	'0'
   0120 10                  333 	.db #0x10	; 16
   0121 20                  334 	.db #0x20	; 32
   0122 24                  335 	.db #0x24	; 36
   0123 90                  336 	.db #0x90	; 144
   0124 24                  337 	.db #0x24	; 36
   0125 60                  338 	.db #0x60	; 96
   0126 24                  339 	.db #0x24	; 36
   0127 24                  340 	.db #0x24	; 36
   0128 65                  341 	.db #0x65	; 101	'e'
   0129 9A                  342 	.db #0x9A	; 154
   012A 65                  343 	.db #0x65	; 101	'e'
   012B 65                  344 	.db #0x65	; 101	'e'
   012C 65                  345 	.db #0x65	; 101	'e'
   012D 65                  346 	.db #0x65	; 101	'e'
   012E 10                  347 	.db #0x10	; 16
   012F 10                  348 	.db #0x10	; 16
   0130 00                  349 	.db #0x00	; 0
   0131 30                  350 	.db #0x30	; 48	'0'
   0132 10                  351 	.db #0x10	; 16
   0133 48                  352 	.db #0x48	; 72	'H'
   0134 24                  353 	.db #0x24	; 36
   0135 30                  354 	.db #0x30	; 48	'0'
   0136 10                  355 	.db #0x10	; 16
   0137 18                  356 	.db #0x18	; 24
   0138 10                  357 	.db #0x10	; 16
   0139 65                  358 	.db #0x65	; 101	'e'
   013A 65                  359 	.db #0x65	; 101	'e'
   013B 65                  360 	.db #0x65	; 101	'e'
   013C 10                  361 	.db #0x10	; 16
   013D 9A                  362 	.db #0x9A	; 154
   013E 00                  363 	.db #0x00	; 0
   013F 20                  364 	.db #0x20	; 32
   0140 10                  365 	.db #0x10	; 16
   0141 30                  366 	.db #0x30	; 48	'0'
   0142 24                  367 	.db #0x24	; 36
   0143 48                  368 	.db #0x48	; 72	'H'
   0144 10                  369 	.db #0x10	; 16
   0145 18                  370 	.db #0x18	; 24
   0146 10                  371 	.db #0x10	; 16
   0147 18                  372 	.db #0x18	; 24
   0148 10                  373 	.db #0x10	; 16
   0149 9A                  374 	.db #0x9A	; 154
   014A 10                  375 	.db #0x10	; 16
   014B 9A                  376 	.db #0x9A	; 154
   014C 10                  377 	.db #0x10	; 16
   014D 9A                  378 	.db #0x9A	; 154
   014E 00                  379 	.db #0x00	; 0
   014F 20                  380 	.db #0x20	; 32
   0150 10                  381 	.db #0x10	; 16
   0151 10                  382 	.db #0x10	; 16
   0152 24                  383 	.db #0x24	; 36
   0153 60                  384 	.db #0x60	; 96
   0154 24                  385 	.db #0x24	; 36
   0155 24                  386 	.db #0x24	; 36
   0156 24                  387 	.db #0x24	; 36
   0157 24                  388 	.db #0x24	; 36
   0158 65                  389 	.db #0x65	; 101	'e'
   0159 65                  390 	.db #0x65	; 101	'e'
   015A 65                  391 	.db #0x65	; 101	'e'
   015B 65                  392 	.db #0x65	; 101	'e'
   015C 65                  393 	.db #0x65	; 101	'e'
   015D CF                  394 	.db #0xCF	; 207
   015E 00                  395 	.db #0x00	; 0
   015F 20                  396 	.db #0x20	; 32
   0160 10                  397 	.db #0x10	; 16
   0161 10                  398 	.db #0x10	; 16
   0162 24                  399 	.db #0x24	; 36
   0163 60                  400 	.db #0x60	; 96
   0164 24                  401 	.db #0x24	; 36
   0165 24                  402 	.db #0x24	; 36
   0166 24                  403 	.db #0x24	; 36
   0167 24                  404 	.db #0x24	; 36
   0168 10                  405 	.db #0x10	; 16
   0169 9A                  406 	.db #0x9A	; 154
   016A 10                  407 	.db #0x10	; 16
   016B 9A                  408 	.db #0x9A	; 154
   016C 10                  409 	.db #0x10	; 16
   016D 9A                  410 	.db #0x9A	; 154
   016E 00                  411 	.db #0x00	; 0
   016F 20                  412 	.db #0x20	; 32
   0170 10                  413 	.db #0x10	; 16
   0171 10                  414 	.db #0x10	; 16
   0172 24                  415 	.db #0x24	; 36
   0173 60                  416 	.db #0x60	; 96
   0174 24                  417 	.db #0x24	; 36
   0175 60                  418 	.db #0x60	; 96
   0176 24                  419 	.db #0x24	; 36
   0177 24                  420 	.db #0x24	; 36
   0178 65                  421 	.db #0x65	; 101	'e'
   0179 4D                  422 	.db #0x4D	; 77	'M'
   017A 65                  423 	.db #0x65	; 101	'e'
   017B 4D                  424 	.db #0x4D	; 77	'M'
   017C 65                  425 	.db #0x65	; 101	'e'
   017D 65                  426 	.db #0x65	; 101	'e'
   017E 10                  427 	.db #0x10	; 16
   017F 10                  428 	.db #0x10	; 16
   0180 10                  429 	.db #0x10	; 16
   0181 10                  430 	.db #0x10	; 16
   0182 24                  431 	.db #0x24	; 36
   0183 60                  432 	.db #0x60	; 96
   0184 24                  433 	.db #0x24	; 36
   0185 60                  434 	.db #0x60	; 96
   0186 10                  435 	.db #0x10	; 16
   0187 18                  436 	.db #0x18	; 24
   0188 10                  437 	.db #0x10	; 16
   0189 9A                  438 	.db #0x9A	; 154
   018A 65                  439 	.db #0x65	; 101	'e'
   018B 65                  440 	.db #0x65	; 101	'e'
   018C 65                  441 	.db #0x65	; 101	'e'
   018D 65                  442 	.db #0x65	; 101	'e'
   018E 10                  443 	.db #0x10	; 16
   018F 10                  444 	.db #0x10	; 16
   0190 10                  445 	.db #0x10	; 16
   0191 10                  446 	.db #0x10	; 16
   0192 24                  447 	.db #0x24	; 36
   0193 60                  448 	.db #0x60	; 96
   0194 24                  449 	.db #0x24	; 36
   0195 60                  450 	.db #0x60	; 96
   0196 10                  451 	.db #0x10	; 16
   0197 0C                  452 	.db #0x0C	; 12
   0198 10                  453 	.db #0x10	; 16
   0199 65                  454 	.db #0x65	; 101	'e'
   019A 65                  455 	.db #0x65	; 101	'e'
   019B 65                  456 	.db #0x65	; 101	'e'
   019C 10                  457 	.db #0x10	; 16
   019D 9A                  458 	.db #0x9A	; 154
   019E 00                  459 	.db #0x00	; 0
   019F 20                  460 	.db #0x20	; 32
   01A0 10                  461 	.db #0x10	; 16
   01A1 10                  462 	.db #0x10	; 16
   01A2 24                  463 	.db #0x24	; 36
   01A3 48                  464 	.db #0x48	; 72	'H'
   01A4 10                  465 	.db #0x10	; 16
   01A5 60                  466 	.db #0x60	; 96
   01A6 10                  467 	.db #0x10	; 16
   01A7 18                  468 	.db #0x18	; 24
   01A8 55                  469 	.db #0x55	; 85	'U'
   01A9 30                  470 	.db #0x30	; 48	'0'
   01AA 75                  471 	.db #0x75	; 117	'u'
   01AB 30                  472 	.db #0x30	; 48	'0'
   01AC 75                  473 	.db #0x75	; 117	'u'
   01AD FF                  474 	.db #0xFF	; 255
   01AE 10                  475 	.db #0x10	; 16
   01AF 10                  476 	.db #0x10	; 16
                            477 	.area _INITIALIZER
                            478 	.area _CABS (ABS)
