                              1 ;--------------------------------------------------------
                              2 ; File Created by SDCC : free open source ANSI-C Compiler
                              3 ; Version 3.5.5 #9498 (Mac OS X x86_64)
                              4 ;--------------------------------------------------------
                              5 	.module numbers
                              6 	.optsdcc -mz80
                              7 	
                              8 ;--------------------------------------------------------
                              9 ; Public variables in this module
                             10 ;--------------------------------------------------------
                             11 	.globl _G_numbers
                             12 ;--------------------------------------------------------
                             13 ; special function registers
                             14 ;--------------------------------------------------------
                             15 ;--------------------------------------------------------
                             16 ; ram data
                             17 ;--------------------------------------------------------
                             18 	.area _DATA
                             19 ;--------------------------------------------------------
                             20 ; ram data
                             21 ;--------------------------------------------------------
                             22 	.area _INITIALIZED
                             23 ;--------------------------------------------------------
                             24 ; absolute external ram data
                             25 ;--------------------------------------------------------
                             26 	.area _DABS (ABS)
                             27 ;--------------------------------------------------------
                             28 ; global & static initialisations
                             29 ;--------------------------------------------------------
                             30 	.area _HOME
                             31 	.area _GSINIT
                             32 	.area _GSFINAL
                             33 	.area _GSINIT
                             34 ;--------------------------------------------------------
                             35 ; Home
                             36 ;--------------------------------------------------------
                             37 	.area _HOME
                             38 	.area _HOME
                             39 ;--------------------------------------------------------
                             40 ; code
                             41 ;--------------------------------------------------------
                             42 	.area _CODE
                             43 	.area _CODE
   0000                      44 _G_numbers:
   0000 00                   45 	.db #0x00	; 0
   0001 28                   46 	.db #0x28	; 40
   0002 14                   47 	.db #0x14	; 20
   0003 BC                   48 	.db #0xBC	; 188
   0004 7C                   49 	.db #0x7C	; 124
   0005 7C                   50 	.db #0x7C	; 124
   0006 39                   51 	.db #0x39	; 57	'9'
   0007 39                   52 	.db #0x39	; 57	'9'
   0008 39                   53 	.db #0x39	; 57	'9'
   0009 39                   54 	.db #0x39	; 57	'9'
   000A 68                   55 	.db #0x68	; 104	'h'
   000B 68                   56 	.db #0x68	; 104	'h'
   000C 14                   57 	.db #0x14	; 20
   000D 94                   58 	.db #0x94	; 148
   000E 00                   59 	.db #0x00	; 0
   000F 28                   60 	.db #0x28	; 40
   0010 00                   61 	.db #0x00	; 0
   0011 28                   62 	.db #0x28	; 40
   0012 14                   63 	.db #0x14	; 20
   0013 BC                   64 	.db #0xBC	; 188
   0014 7C                   65 	.db #0x7C	; 124
   0015 BC                   66 	.db #0xBC	; 188
   0016 14                   67 	.db #0x14	; 20
   0017 36                   68 	.db #0x36	; 54	'6'
   0018 14                   69 	.db #0x14	; 20
   0019 36                   70 	.db #0x36	; 54	'6'
   001A 14                   71 	.db #0x14	; 20
   001B 94                   72 	.db #0x94	; 148
   001C 14                   73 	.db #0x14	; 20
   001D 94                   74 	.db #0x94	; 148
   001E 00                   75 	.db #0x00	; 0
   001F 28                   76 	.db #0x28	; 40
   0020 00                   77 	.db #0x00	; 0
   0021 28                   78 	.db #0x28	; 40
   0022 14                   79 	.db #0x14	; 20
   0023 BC                   80 	.db #0xBC	; 188
   0024 7C                   81 	.db #0x7C	; 124
   0025 7C                   82 	.db #0x7C	; 124
   0026 14                   83 	.db #0x14	; 20
   0027 39                   84 	.db #0x39	; 57	'9'
   0028 14                   85 	.db #0x14	; 20
   0029 36                   86 	.db #0x36	; 54	'6'
   002A 68                   87 	.db #0x68	; 104	'h'
   002B 3C                   88 	.db #0x3C	; 60
   002C 68                   89 	.db #0x68	; 104	'h'
   002D C0                   90 	.db #0xC0	; 192
   002E 14                   91 	.db #0x14	; 20
   002F 3C                   92 	.db #0x3C	; 60
   0030 14                   93 	.db #0x14	; 20
   0031 3C                   94 	.db #0x3C	; 60
   0032 7C                   95 	.db #0x7C	; 124
   0033 FC                   96 	.db #0xFC	; 252
   0034 14                   97 	.db #0x14	; 20
   0035 7C                   98 	.db #0x7C	; 124
   0036 14                   99 	.db #0x14	; 20
   0037 36                  100 	.db #0x36	; 54	'6'
   0038 14                  101 	.db #0x14	; 20
   0039 39                  102 	.db #0x39	; 57	'9'
   003A 68                  103 	.db #0x68	; 104	'h'
   003B 68                  104 	.db #0x68	; 104	'h'
   003C 14                  105 	.db #0x14	; 20
   003D 94                  106 	.db #0x94	; 148
   003E 00                  107 	.db #0x00	; 0
   003F 28                  108 	.db #0x28	; 40
   0040 00                  109 	.db #0x00	; 0
   0041 14                  110 	.db #0x14	; 20
   0042 00                  111 	.db #0x00	; 0
   0043 7C                  112 	.db #0x7C	; 124
   0044 14                  113 	.db #0x14	; 20
   0045 BC                  114 	.db #0xBC	; 188
   0046 39                  115 	.db #0x39	; 57	'9'
   0047 3C                  116 	.db #0x3C	; 60
   0048 39                  117 	.db #0x39	; 57	'9'
   0049 39                  118 	.db #0x39	; 57	'9'
   004A 68                  119 	.db #0x68	; 104	'h'
   004B C0                  120 	.db #0xC0	; 192
   004C 14                  121 	.db #0x14	; 20
   004D 68                  122 	.db #0x68	; 104	'h'
   004E 00                  123 	.db #0x00	; 0
   004F 14                  124 	.db #0x14	; 20
   0050 14                  125 	.db #0x14	; 20
   0051 3C                  126 	.db #0x3C	; 60
   0052 7C                  127 	.db #0x7C	; 124
   0053 FC                  128 	.db #0xFC	; 252
   0054 7C                  129 	.db #0x7C	; 124
   0055 3C                  130 	.db #0x3C	; 60
   0056 39                  131 	.db #0x39	; 57	'9'
   0057 36                  132 	.db #0x36	; 54	'6'
   0058 14                  133 	.db #0x14	; 20
   0059 39                  134 	.db #0x39	; 57	'9'
   005A 68                  135 	.db #0x68	; 104	'h'
   005B 68                  136 	.db #0x68	; 104	'h'
   005C 14                  137 	.db #0x14	; 20
   005D 94                  138 	.db #0x94	; 148
   005E 00                  139 	.db #0x00	; 0
   005F 28                  140 	.db #0x28	; 40
   0060 00                  141 	.db #0x00	; 0
   0061 14                  142 	.db #0x14	; 20
   0062 00                  143 	.db #0x00	; 0
   0063 7C                  144 	.db #0x7C	; 124
   0064 14                  145 	.db #0x14	; 20
   0065 BC                  146 	.db #0xBC	; 188
   0066 39                  147 	.db #0x39	; 57	'9'
   0067 36                  148 	.db #0x36	; 54	'6'
   0068 39                  149 	.db #0x39	; 57	'9'
   0069 39                  150 	.db #0x39	; 57	'9'
   006A 68                  151 	.db #0x68	; 104	'h'
   006B 68                  152 	.db #0x68	; 104	'h'
   006C 14                  153 	.db #0x14	; 20
   006D 94                  154 	.db #0x94	; 148
   006E 00                  155 	.db #0x00	; 0
   006F 28                  156 	.db #0x28	; 40
   0070 14                  157 	.db #0x14	; 20
   0071 3C                  158 	.db #0x3C	; 60
   0072 7C                  159 	.db #0x7C	; 124
   0073 FC                  160 	.db #0xFC	; 252
   0074 14                  161 	.db #0x14	; 20
   0075 7C                  162 	.db #0x7C	; 124
   0076 14                  163 	.db #0x14	; 20
   0077 36                  164 	.db #0x36	; 54	'6'
   0078 14                  165 	.db #0x14	; 20
   0079 36                  166 	.db #0x36	; 54	'6'
   007A 68                  167 	.db #0x68	; 104	'h'
   007B 28                  168 	.db #0x28	; 40
   007C 68                  169 	.db #0x68	; 104	'h'
   007D 28                  170 	.db #0x28	; 40
   007E 14                  171 	.db #0x14	; 20
   007F 00                  172 	.db #0x00	; 0
   0080 00                  173 	.db #0x00	; 0
   0081 28                  174 	.db #0x28	; 40
   0082 14                  175 	.db #0x14	; 20
   0083 BC                  176 	.db #0xBC	; 188
   0084 7C                  177 	.db #0x7C	; 124
   0085 7C                  178 	.db #0x7C	; 124
   0086 14                  179 	.db #0x14	; 20
   0087 36                  180 	.db #0x36	; 54	'6'
   0088 39                  181 	.db #0x39	; 57	'9'
   0089 39                  182 	.db #0x39	; 57	'9'
   008A 68                  183 	.db #0x68	; 104	'h'
   008B 68                  184 	.db #0x68	; 104	'h'
   008C 14                  185 	.db #0x14	; 20
   008D 94                  186 	.db #0x94	; 148
   008E 00                  187 	.db #0x00	; 0
   008F 28                  188 	.db #0x28	; 40
   0090 00                  189 	.db #0x00	; 0
   0091 28                  190 	.db #0x28	; 40
   0092 14                  191 	.db #0x14	; 20
   0093 BC                  192 	.db #0xBC	; 188
   0094 7C                  193 	.db #0x7C	; 124
   0095 7C                  194 	.db #0x7C	; 124
   0096 39                  195 	.db #0x39	; 57	'9'
   0097 39                  196 	.db #0x39	; 57	'9'
   0098 14                  197 	.db #0x14	; 20
   0099 33                  198 	.db #0x33	; 51	'3'
   009A 14                  199 	.db #0x14	; 20
   009B 94                  200 	.db #0x94	; 148
   009C 68                  201 	.db #0x68	; 104	'h'
   009D 28                  202 	.db #0x28	; 40
   009E 14                  203 	.db #0x14	; 20
   009F 00                  204 	.db #0x00	; 0
                            205 	.area _INITIALIZER
                            206 	.area _CABS (ABS)
