                              1 ;--------------------------------------------------------
                              2 ; File Created by SDCC : free open source ANSI-C Compiler
                              3 ; Version 3.5.5 #9498 (Mac OS X x86_64)
                              4 ;--------------------------------------------------------
                              5 	.module numbers_big
                              6 	.optsdcc -mz80
                              7 	
                              8 ;--------------------------------------------------------
                              9 ; Public variables in this module
                             10 ;--------------------------------------------------------
                             11 	.globl _G_numbers_big
                             12 ;--------------------------------------------------------
                             13 ; special function registers
                             14 ;--------------------------------------------------------
                             15 ;--------------------------------------------------------
                             16 ; ram data
                             17 ;--------------------------------------------------------
                             18 	.area _DATA
                             19 ;--------------------------------------------------------
                             20 ; ram data
                             21 ;--------------------------------------------------------
                             22 	.area _INITIALIZED
                             23 ;--------------------------------------------------------
                             24 ; absolute external ram data
                             25 ;--------------------------------------------------------
                             26 	.area _DABS (ABS)
                             27 ;--------------------------------------------------------
                             28 ; global & static initialisations
                             29 ;--------------------------------------------------------
                             30 	.area _HOME
                             31 	.area _GSINIT
                             32 	.area _GSFINAL
                             33 	.area _GSINIT
                             34 ;--------------------------------------------------------
                             35 ; Home
                             36 ;--------------------------------------------------------
                             37 	.area _HOME
                             38 	.area _HOME
                             39 ;--------------------------------------------------------
                             40 ; code
                             41 ;--------------------------------------------------------
                             42 	.area _CODE
                             43 	.area _CODE
   0000                      44 _G_numbers_big:
   0000 11                   45 	.db #0x11	; 17
   0001 33                   46 	.db #0x33	; 51	'3'
   0002 00                   47 	.db #0x00	; 0
   0003 33                   48 	.db #0x33	; 51	'3'
   0004 33                   49 	.db #0x33	; 51	'3'
   0005 22                   50 	.db #0x22	; 34
   0006 22                   51 	.db #0x22	; 34
   0007 00                   52 	.db #0x00	; 0
   0008 22                   53 	.db #0x22	; 34
   0009 22                   54 	.db #0x22	; 34
   000A 11                   55 	.db #0x11	; 17
   000B 22                   56 	.db #0x22	; 34
   000C 22                   57 	.db #0x22	; 34
   000D 11                   58 	.db #0x11	; 17
   000E 22                   59 	.db #0x22	; 34
   000F 20                   60 	.db #0x20	; 32
   0010 20                   61 	.db #0x20	; 32
   0011 20                   62 	.db #0x20	; 32
   0012 20                   63 	.db #0x20	; 32
   0013 20                   64 	.db #0x20	; 32
   0014 20                   65 	.db #0x20	; 32
   0015 30                   66 	.db #0x30	; 48	'0'
   0016 00                   67 	.db #0x00	; 0
   0017 20                   68 	.db #0x20	; 32
   0018 30                   69 	.db #0x30	; 48	'0'
   0019 00                   70 	.db #0x00	; 0
   001A 20                   71 	.db #0x20	; 32
   001B 10                   72 	.db #0x10	; 16
   001C 30                   73 	.db #0x30	; 48	'0'
   001D 00                   74 	.db #0x00	; 0
   001E 10                   75 	.db #0x10	; 16
   001F 30                   76 	.db #0x30	; 48	'0'
   0020 00                   77 	.db #0x00	; 0
   0021 00                   78 	.db #0x00	; 0
   0022 22                   79 	.db #0x22	; 34
   0023 00                   80 	.db #0x00	; 0
   0024 11                   81 	.db #0x11	; 17
   0025 22                   82 	.db #0x22	; 34
   0026 00                   83 	.db #0x00	; 0
   0027 22                   84 	.db #0x22	; 34
   0028 22                   85 	.db #0x22	; 34
   0029 00                   86 	.db #0x00	; 0
   002A 00                   87 	.db #0x00	; 0
   002B 22                   88 	.db #0x22	; 34
   002C 00                   89 	.db #0x00	; 0
   002D 00                   90 	.db #0x00	; 0
   002E 22                   91 	.db #0x22	; 34
   002F 00                   92 	.db #0x00	; 0
   0030 00                   93 	.db #0x00	; 0
   0031 20                   94 	.db #0x20	; 32
   0032 00                   95 	.db #0x00	; 0
   0033 00                   96 	.db #0x00	; 0
   0034 20                   97 	.db #0x20	; 32
   0035 00                   98 	.db #0x00	; 0
   0036 00                   99 	.db #0x00	; 0
   0037 20                  100 	.db #0x20	; 32
   0038 00                  101 	.db #0x00	; 0
   0039 00                  102 	.db #0x00	; 0
   003A 20                  103 	.db #0x20	; 32
   003B 00                  104 	.db #0x00	; 0
   003C 30                  105 	.db #0x30	; 48	'0'
   003D 30                  106 	.db #0x30	; 48	'0'
   003E 20                  107 	.db #0x20	; 32
   003F 30                  108 	.db #0x30	; 48	'0'
   0040 30                  109 	.db #0x30	; 48	'0'
   0041 20                  110 	.db #0x20	; 32
   0042 11                  111 	.db #0x11	; 17
   0043 33                  112 	.db #0x33	; 51	'3'
   0044 00                  113 	.db #0x00	; 0
   0045 33                  114 	.db #0x33	; 51	'3'
   0046 33                  115 	.db #0x33	; 51	'3'
   0047 22                  116 	.db #0x22	; 34
   0048 22                  117 	.db #0x22	; 34
   0049 00                  118 	.db #0x00	; 0
   004A 22                  119 	.db #0x22	; 34
   004B 00                  120 	.db #0x00	; 0
   004C 00                  121 	.db #0x00	; 0
   004D 22                  122 	.db #0x22	; 34
   004E 00                  123 	.db #0x00	; 0
   004F 11                  124 	.db #0x11	; 17
   0050 22                  125 	.db #0x22	; 34
   0051 00                  126 	.db #0x00	; 0
   0052 30                  127 	.db #0x30	; 48	'0'
   0053 00                  128 	.db #0x00	; 0
   0054 10                  129 	.db #0x10	; 16
   0055 20                  130 	.db #0x20	; 32
   0056 00                  131 	.db #0x00	; 0
   0057 30                  132 	.db #0x30	; 48	'0'
   0058 00                  133 	.db #0x00	; 0
   0059 00                  134 	.db #0x00	; 0
   005A 20                  135 	.db #0x20	; 32
   005B 00                  136 	.db #0x00	; 0
   005C 00                  137 	.db #0x00	; 0
   005D 30                  138 	.db #0x30	; 48	'0'
   005E 30                  139 	.db #0x30	; 48	'0'
   005F 20                  140 	.db #0x20	; 32
   0060 30                  141 	.db #0x30	; 48	'0'
   0061 30                  142 	.db #0x30	; 48	'0'
   0062 20                  143 	.db #0x20	; 32
   0063 11                  144 	.db #0x11	; 17
   0064 33                  145 	.db #0x33	; 51	'3'
   0065 00                  146 	.db #0x00	; 0
   0066 33                  147 	.db #0x33	; 51	'3'
   0067 33                  148 	.db #0x33	; 51	'3'
   0068 22                  149 	.db #0x22	; 34
   0069 22                  150 	.db #0x22	; 34
   006A 00                  151 	.db #0x00	; 0
   006B 22                  152 	.db #0x22	; 34
   006C 00                  153 	.db #0x00	; 0
   006D 00                  154 	.db #0x00	; 0
   006E 22                  155 	.db #0x22	; 34
   006F 00                  156 	.db #0x00	; 0
   0070 33                  157 	.db #0x33	; 51	'3'
   0071 22                  158 	.db #0x22	; 34
   0072 00                  159 	.db #0x00	; 0
   0073 30                  160 	.db #0x30	; 48	'0'
   0074 00                  161 	.db #0x00	; 0
   0075 00                  162 	.db #0x00	; 0
   0076 00                  163 	.db #0x00	; 0
   0077 20                  164 	.db #0x20	; 32
   0078 20                  165 	.db #0x20	; 32
   0079 00                  166 	.db #0x00	; 0
   007A 20                  167 	.db #0x20	; 32
   007B 20                  168 	.db #0x20	; 32
   007C 00                  169 	.db #0x00	; 0
   007D 20                  170 	.db #0x20	; 32
   007E 10                  171 	.db #0x10	; 16
   007F 30                  172 	.db #0x30	; 48	'0'
   0080 00                  173 	.db #0x00	; 0
   0081 10                  174 	.db #0x10	; 16
   0082 30                  175 	.db #0x30	; 48	'0'
   0083 00                  176 	.db #0x00	; 0
   0084 00                  177 	.db #0x00	; 0
   0085 11                  178 	.db #0x11	; 17
   0086 22                  179 	.db #0x22	; 34
   0087 00                  180 	.db #0x00	; 0
   0088 33                  181 	.db #0x33	; 51	'3'
   0089 22                  182 	.db #0x22	; 34
   008A 11                  183 	.db #0x11	; 17
   008B 22                  184 	.db #0x22	; 34
   008C 22                  185 	.db #0x22	; 34
   008D 11                  186 	.db #0x11	; 17
   008E 00                  187 	.db #0x00	; 0
   008F 22                  188 	.db #0x22	; 34
   0090 22                  189 	.db #0x22	; 34
   0091 00                  190 	.db #0x00	; 0
   0092 22                  191 	.db #0x22	; 34
   0093 20                  192 	.db #0x20	; 32
   0094 00                  193 	.db #0x00	; 0
   0095 20                  194 	.db #0x20	; 32
   0096 30                  195 	.db #0x30	; 48	'0'
   0097 30                  196 	.db #0x30	; 48	'0'
   0098 20                  197 	.db #0x20	; 32
   0099 30                  198 	.db #0x30	; 48	'0'
   009A 30                  199 	.db #0x30	; 48	'0'
   009B 20                  200 	.db #0x20	; 32
   009C 00                  201 	.db #0x00	; 0
   009D 00                  202 	.db #0x00	; 0
   009E 20                  203 	.db #0x20	; 32
   009F 00                  204 	.db #0x00	; 0
   00A0 00                  205 	.db #0x00	; 0
   00A1 20                  206 	.db #0x20	; 32
   00A2 00                  207 	.db #0x00	; 0
   00A3 00                  208 	.db #0x00	; 0
   00A4 20                  209 	.db #0x20	; 32
   00A5 33                  210 	.db #0x33	; 51	'3'
   00A6 33                  211 	.db #0x33	; 51	'3'
   00A7 22                  212 	.db #0x22	; 34
   00A8 33                  213 	.db #0x33	; 51	'3'
   00A9 33                  214 	.db #0x33	; 51	'3'
   00AA 22                  215 	.db #0x22	; 34
   00AB 22                  216 	.db #0x22	; 34
   00AC 00                  217 	.db #0x00	; 0
   00AD 00                  218 	.db #0x00	; 0
   00AE 33                  219 	.db #0x33	; 51	'3'
   00AF 33                  220 	.db #0x33	; 51	'3'
   00B0 00                  221 	.db #0x00	; 0
   00B1 33                  222 	.db #0x33	; 51	'3'
   00B2 33                  223 	.db #0x33	; 51	'3'
   00B3 22                  224 	.db #0x22	; 34
   00B4 00                  225 	.db #0x00	; 0
   00B5 00                  226 	.db #0x00	; 0
   00B6 20                  227 	.db #0x20	; 32
   00B7 00                  228 	.db #0x00	; 0
   00B8 00                  229 	.db #0x00	; 0
   00B9 20                  230 	.db #0x20	; 32
   00BA 20                  231 	.db #0x20	; 32
   00BB 00                  232 	.db #0x00	; 0
   00BC 20                  233 	.db #0x20	; 32
   00BD 20                  234 	.db #0x20	; 32
   00BE 00                  235 	.db #0x00	; 0
   00BF 20                  236 	.db #0x20	; 32
   00C0 10                  237 	.db #0x10	; 16
   00C1 30                  238 	.db #0x30	; 48	'0'
   00C2 00                  239 	.db #0x00	; 0
   00C3 10                  240 	.db #0x10	; 16
   00C4 30                  241 	.db #0x30	; 48	'0'
   00C5 00                  242 	.db #0x00	; 0
   00C6 11                  243 	.db #0x11	; 17
   00C7 33                  244 	.db #0x33	; 51	'3'
   00C8 22                  245 	.db #0x22	; 34
   00C9 33                  246 	.db #0x33	; 51	'3'
   00CA 33                  247 	.db #0x33	; 51	'3'
   00CB 22                  248 	.db #0x22	; 34
   00CC 22                  249 	.db #0x22	; 34
   00CD 00                  250 	.db #0x00	; 0
   00CE 00                  251 	.db #0x00	; 0
   00CF 22                  252 	.db #0x22	; 34
   00D0 00                  253 	.db #0x00	; 0
   00D1 00                  254 	.db #0x00	; 0
   00D2 33                  255 	.db #0x33	; 51	'3'
   00D3 33                  256 	.db #0x33	; 51	'3'
   00D4 00                  257 	.db #0x00	; 0
   00D5 30                  258 	.db #0x30	; 48	'0'
   00D6 30                  259 	.db #0x30	; 48	'0'
   00D7 00                  260 	.db #0x00	; 0
   00D8 20                  261 	.db #0x20	; 32
   00D9 00                  262 	.db #0x00	; 0
   00DA 20                  263 	.db #0x20	; 32
   00DB 20                  264 	.db #0x20	; 32
   00DC 00                  265 	.db #0x00	; 0
   00DD 20                  266 	.db #0x20	; 32
   00DE 20                  267 	.db #0x20	; 32
   00DF 00                  268 	.db #0x00	; 0
   00E0 20                  269 	.db #0x20	; 32
   00E1 10                  270 	.db #0x10	; 16
   00E2 30                  271 	.db #0x30	; 48	'0'
   00E3 00                  272 	.db #0x00	; 0
   00E4 10                  273 	.db #0x10	; 16
   00E5 30                  274 	.db #0x30	; 48	'0'
   00E6 00                  275 	.db #0x00	; 0
   00E7 33                  276 	.db #0x33	; 51	'3'
   00E8 33                  277 	.db #0x33	; 51	'3'
   00E9 22                  278 	.db #0x22	; 34
   00EA 33                  279 	.db #0x33	; 51	'3'
   00EB 33                  280 	.db #0x33	; 51	'3'
   00EC 22                  281 	.db #0x22	; 34
   00ED 22                  282 	.db #0x22	; 34
   00EE 00                  283 	.db #0x00	; 0
   00EF 22                  284 	.db #0x22	; 34
   00F0 00                  285 	.db #0x00	; 0
   00F1 00                  286 	.db #0x00	; 0
   00F2 22                  287 	.db #0x22	; 34
   00F3 00                  288 	.db #0x00	; 0
   00F4 11                  289 	.db #0x11	; 17
   00F5 22                  290 	.db #0x22	; 34
   00F6 00                  291 	.db #0x00	; 0
   00F7 10                  292 	.db #0x10	; 16
   00F8 00                  293 	.db #0x00	; 0
   00F9 00                  294 	.db #0x00	; 0
   00FA 30                  295 	.db #0x30	; 48	'0'
   00FB 00                  296 	.db #0x00	; 0
   00FC 10                  297 	.db #0x10	; 16
   00FD 20                  298 	.db #0x20	; 32
   00FE 00                  299 	.db #0x00	; 0
   00FF 10                  300 	.db #0x10	; 16
   0100 00                  301 	.db #0x00	; 0
   0101 00                  302 	.db #0x00	; 0
   0102 10                  303 	.db #0x10	; 16
   0103 00                  304 	.db #0x00	; 0
   0104 00                  305 	.db #0x00	; 0
   0105 10                  306 	.db #0x10	; 16
   0106 00                  307 	.db #0x00	; 0
   0107 00                  308 	.db #0x00	; 0
   0108 11                  309 	.db #0x11	; 17
   0109 33                  310 	.db #0x33	; 51	'3'
   010A 00                  311 	.db #0x00	; 0
   010B 33                  312 	.db #0x33	; 51	'3'
   010C 33                  313 	.db #0x33	; 51	'3'
   010D 22                  314 	.db #0x22	; 34
   010E 22                  315 	.db #0x22	; 34
   010F 00                  316 	.db #0x00	; 0
   0110 22                  317 	.db #0x22	; 34
   0111 22                  318 	.db #0x22	; 34
   0112 00                  319 	.db #0x00	; 0
   0113 22                  320 	.db #0x22	; 34
   0114 33                  321 	.db #0x33	; 51	'3'
   0115 33                  322 	.db #0x33	; 51	'3'
   0116 22                  323 	.db #0x22	; 34
   0117 10                  324 	.db #0x10	; 16
   0118 30                  325 	.db #0x30	; 48	'0'
   0119 00                  326 	.db #0x00	; 0
   011A 30                  327 	.db #0x30	; 48	'0'
   011B 30                  328 	.db #0x30	; 48	'0'
   011C 20                  329 	.db #0x20	; 32
   011D 20                  330 	.db #0x20	; 32
   011E 00                  331 	.db #0x00	; 0
   011F 20                  332 	.db #0x20	; 32
   0120 20                  333 	.db #0x20	; 32
   0121 00                  334 	.db #0x00	; 0
   0122 20                  335 	.db #0x20	; 32
   0123 10                  336 	.db #0x10	; 16
   0124 30                  337 	.db #0x30	; 48	'0'
   0125 00                  338 	.db #0x00	; 0
   0126 10                  339 	.db #0x10	; 16
   0127 30                  340 	.db #0x30	; 48	'0'
   0128 00                  341 	.db #0x00	; 0
   0129 11                  342 	.db #0x11	; 17
   012A 33                  343 	.db #0x33	; 51	'3'
   012B 00                  344 	.db #0x00	; 0
   012C 33                  345 	.db #0x33	; 51	'3'
   012D 33                  346 	.db #0x33	; 51	'3'
   012E 22                  347 	.db #0x22	; 34
   012F 22                  348 	.db #0x22	; 34
   0130 00                  349 	.db #0x00	; 0
   0131 22                  350 	.db #0x22	; 34
   0132 22                  351 	.db #0x22	; 34
   0133 00                  352 	.db #0x00	; 0
   0134 22                  353 	.db #0x22	; 34
   0135 33                  354 	.db #0x33	; 51	'3'
   0136 33                  355 	.db #0x33	; 51	'3'
   0137 22                  356 	.db #0x22	; 34
   0138 10                  357 	.db #0x10	; 16
   0139 30                  358 	.db #0x30	; 48	'0'
   013A 20                  359 	.db #0x20	; 32
   013B 00                  360 	.db #0x00	; 0
   013C 10                  361 	.db #0x10	; 16
   013D 20                  362 	.db #0x20	; 32
   013E 00                  363 	.db #0x00	; 0
   013F 10                  364 	.db #0x10	; 16
   0140 20                  365 	.db #0x20	; 32
   0141 00                  366 	.db #0x00	; 0
   0142 30                  367 	.db #0x30	; 48	'0'
   0143 00                  368 	.db #0x00	; 0
   0144 10                  369 	.db #0x10	; 16
   0145 20                  370 	.db #0x20	; 32
   0146 00                  371 	.db #0x00	; 0
   0147 10                  372 	.db #0x10	; 16
   0148 00                  373 	.db #0x00	; 0
   0149 00                  374 	.db #0x00	; 0
                            375 	.area _INITIALIZER
                            376 	.area _CABS (ABS)
