                              1 ;--------------------------------------------------------
                              2 ; File Created by SDCC : free open source ANSI-C Compiler
                              3 ; Version 3.5.5 #9498 (Mac OS X x86_64)
                              4 ;--------------------------------------------------------
                              5 	.module symbols
                              6 	.optsdcc -mz80
                              7 	
                              8 ;--------------------------------------------------------
                              9 ; Public variables in this module
                             10 ;--------------------------------------------------------
                             11 	.globl _g_tile_symbols_4
                             12 	.globl _g_tile_symbols_3
                             13 	.globl _g_tile_symbols_2
                             14 	.globl _g_tile_symbols_1
                             15 ;--------------------------------------------------------
                             16 ; special function registers
                             17 ;--------------------------------------------------------
                             18 ;--------------------------------------------------------
                             19 ; ram data
                             20 ;--------------------------------------------------------
                             21 	.area _DATA
                             22 ;--------------------------------------------------------
                             23 ; ram data
                             24 ;--------------------------------------------------------
                             25 	.area _INITIALIZED
                             26 ;--------------------------------------------------------
                             27 ; absolute external ram data
                             28 ;--------------------------------------------------------
                             29 	.area _DABS (ABS)
                             30 ;--------------------------------------------------------
                             31 ; global & static initialisations
                             32 ;--------------------------------------------------------
                             33 	.area _HOME
                             34 	.area _GSINIT
                             35 	.area _GSFINAL
                             36 	.area _GSINIT
                             37 ;--------------------------------------------------------
                             38 ; Home
                             39 ;--------------------------------------------------------
                             40 	.area _HOME
                             41 	.area _HOME
                             42 ;--------------------------------------------------------
                             43 ; code
                             44 ;--------------------------------------------------------
                             45 	.area _CODE
                             46 	.area _CODE
   0000                      47 _g_tile_symbols_1:
   0000 F0                   48 	.db #0xF0	; 240
   0001 78                   49 	.db #0x78	; 120	'x'
   0002 F0                   50 	.db #0xF0	; 240
   0003 F0                   51 	.db #0xF0	; 240
   0004 78                   52 	.db #0x78	; 120	'x'
   0005 F0                   53 	.db #0xF0	; 240
   0006 F0                   54 	.db #0xF0	; 240
   0007 78                   55 	.db #0x78	; 120	'x'
   0008 F0                   56 	.db #0xF0	; 240
   0009 B4                   57 	.db #0xB4	; 180
   000A 3C                   58 	.db #0x3C	; 60
   000B F0                   59 	.db #0xF0	; 240
   000C B4                   60 	.db #0xB4	; 180
   000D 3C                   61 	.db #0x3C	; 60
   000E F0                   62 	.db #0xF0	; 240
   000F 3C                   63 	.db #0x3C	; 60
   0010 3C                   64 	.db #0x3C	; 60
   0011 78                   65 	.db #0x78	; 120	'x'
   0012 0C                   66 	.db #0x0C	; 12
   0013 0C                   67 	.db #0x0C	; 12
   0014 58                   68 	.db #0x58	; 88	'X'
   0015 F0                   69 	.db #0xF0	; 240
   0016 58                   70 	.db #0x58	; 88	'X'
   0017 F0                   71 	.db #0xF0	; 240
   0018 F0                   72 	.db #0xF0	; 240
   0019 58                   73 	.db #0x58	; 88	'X'
   001A F0                   74 	.db #0xF0	; 240
   001B F0                   75 	.db #0xF0	; 240
   001C 58                   76 	.db #0x58	; 88	'X'
   001D F0                   77 	.db #0xF0	; 240
   001E F0                   78 	.db #0xF0	; 240
   001F 58                   79 	.db #0x58	; 88	'X'
   0020 F0                   80 	.db #0xF0	; 240
   0021                      81 _g_tile_symbols_2:
   0021 F0                   82 	.db #0xF0	; 240
   0022 58                   83 	.db #0x58	; 88	'X'
   0023 F0                   84 	.db #0xF0	; 240
   0024 F0                   85 	.db #0xF0	; 240
   0025 58                   86 	.db #0x58	; 88	'X'
   0026 F0                   87 	.db #0xF0	; 240
   0027 F0                   88 	.db #0xF0	; 240
   0028 58                   89 	.db #0x58	; 88	'X'
   0029 F0                   90 	.db #0xF0	; 240
   002A F0                   91 	.db #0xF0	; 240
   002B 58                   92 	.db #0x58	; 88	'X'
   002C F0                   93 	.db #0xF0	; 240
   002D 0C                   94 	.db #0x0C	; 12
   002E 0C                   95 	.db #0x0C	; 12
   002F 58                   96 	.db #0x58	; 88	'X'
   0030 3C                   97 	.db #0x3C	; 60
   0031 3C                   98 	.db #0x3C	; 60
   0032 78                   99 	.db #0x78	; 120	'x'
   0033 B4                  100 	.db #0xB4	; 180
   0034 3C                  101 	.db #0x3C	; 60
   0035 F0                  102 	.db #0xF0	; 240
   0036 B4                  103 	.db #0xB4	; 180
   0037 3C                  104 	.db #0x3C	; 60
   0038 F0                  105 	.db #0xF0	; 240
   0039 F0                  106 	.db #0xF0	; 240
   003A 78                  107 	.db #0x78	; 120	'x'
   003B F0                  108 	.db #0xF0	; 240
   003C F0                  109 	.db #0xF0	; 240
   003D 78                  110 	.db #0x78	; 120	'x'
   003E F0                  111 	.db #0xF0	; 240
   003F F0                  112 	.db #0xF0	; 240
   0040 78                  113 	.db #0x78	; 120	'x'
   0041 F0                  114 	.db #0xF0	; 240
   0042                     115 _g_tile_symbols_3:
   0042 F0                  116 	.db #0xF0	; 240
   0043 F0                  117 	.db #0xF0	; 240
   0044 F0                  118 	.db #0xF0	; 240
   0045 F0                  119 	.db #0xF0	; 240
   0046 F0                  120 	.db #0xF0	; 240
   0047 F0                  121 	.db #0xF0	; 240
   0048 F0                  122 	.db #0xF0	; 240
   0049 78                  123 	.db #0x78	; 120	'x'
   004A F0                  124 	.db #0xF0	; 240
   004B F0                  125 	.db #0xF0	; 240
   004C 3C                  126 	.db #0x3C	; 60
   004D F0                  127 	.db #0xF0	; 240
   004E F0                  128 	.db #0xF0	; 240
   004F 3C                  129 	.db #0x3C	; 60
   0050 78                  130 	.db #0x78	; 120	'x'
   0051 3C                  131 	.db #0x3C	; 60
   0052 3C                  132 	.db #0x3C	; 60
   0053 3C                  133 	.db #0x3C	; 60
   0054 F0                  134 	.db #0xF0	; 240
   0055 0C                  135 	.db #0x0C	; 12
   0056 58                  136 	.db #0x58	; 88	'X'
   0057 F0                  137 	.db #0xF0	; 240
   0058 0C                  138 	.db #0x0C	; 12
   0059 F0                  139 	.db #0xF0	; 240
   005A F0                  140 	.db #0xF0	; 240
   005B 58                  141 	.db #0x58	; 88	'X'
   005C F0                  142 	.db #0xF0	; 240
   005D F0                  143 	.db #0xF0	; 240
   005E F0                  144 	.db #0xF0	; 240
   005F F0                  145 	.db #0xF0	; 240
   0060 F0                  146 	.db #0xF0	; 240
   0061 F0                  147 	.db #0xF0	; 240
   0062 F0                  148 	.db #0xF0	; 240
   0063                     149 _g_tile_symbols_4:
   0063 F0                  150 	.db #0xF0	; 240
   0064 F0                  151 	.db #0xF0	; 240
   0065 F0                  152 	.db #0xF0	; 240
   0066 F0                  153 	.db #0xF0	; 240
   0067 F0                  154 	.db #0xF0	; 240
   0068 F0                  155 	.db #0xF0	; 240
   0069 F0                  156 	.db #0xF0	; 240
   006A B4                  157 	.db #0xB4	; 180
   006B F0                  158 	.db #0xF0	; 240
   006C F0                  159 	.db #0xF0	; 240
   006D 3C                  160 	.db #0x3C	; 60
   006E F0                  161 	.db #0xF0	; 240
   006F B4                  162 	.db #0xB4	; 180
   0070 3C                  163 	.db #0x3C	; 60
   0071 F0                  164 	.db #0xF0	; 240
   0072 3C                  165 	.db #0x3C	; 60
   0073 3C                  166 	.db #0x3C	; 60
   0074 3C                  167 	.db #0x3C	; 60
   0075 A4                  168 	.db #0xA4	; 164
   0076 0C                  169 	.db #0x0C	; 12
   0077 F0                  170 	.db #0xF0	; 240
   0078 F0                  171 	.db #0xF0	; 240
   0079 0C                  172 	.db #0x0C	; 12
   007A F0                  173 	.db #0xF0	; 240
   007B F0                  174 	.db #0xF0	; 240
   007C A4                  175 	.db #0xA4	; 164
   007D F0                  176 	.db #0xF0	; 240
   007E F0                  177 	.db #0xF0	; 240
   007F F0                  178 	.db #0xF0	; 240
   0080 F0                  179 	.db #0xF0	; 240
   0081 F0                  180 	.db #0xF0	; 240
   0082 F0                  181 	.db #0xF0	; 240
   0083 F0                  182 	.db #0xF0	; 240
                            183 	.area _INITIALIZER
                            184 	.area _CABS (ABS)
