                              1 ;--------------------------------------------------------
                              2 ; File Created by SDCC : free open source ANSI-C Compiler
                              3 ; Version 3.5.5 #9498 (Mac OS X x86_64)
                              4 ;--------------------------------------------------------
                              5 	.module walls
                              6 	.optsdcc -mz80
                              7 	
                              8 ;--------------------------------------------------------
                              9 ; Public variables in this module
                             10 ;--------------------------------------------------------
                             11 	.globl _hc_walls_2
                             12 	.globl _hc_walls_1
                             13 	.globl _hc_walls_0
                             14 ;--------------------------------------------------------
                             15 ; special function registers
                             16 ;--------------------------------------------------------
                             17 ;--------------------------------------------------------
                             18 ; ram data
                             19 ;--------------------------------------------------------
                             20 	.area _DATA
                             21 ;--------------------------------------------------------
                             22 ; ram data
                             23 ;--------------------------------------------------------
                             24 	.area _INITIALIZED
                             25 ;--------------------------------------------------------
                             26 ; absolute external ram data
                             27 ;--------------------------------------------------------
                             28 	.area _DABS (ABS)
                             29 ;--------------------------------------------------------
                             30 ; global & static initialisations
                             31 ;--------------------------------------------------------
                             32 	.area _HOME
                             33 	.area _GSINIT
                             34 	.area _GSFINAL
                             35 	.area _GSINIT
                             36 ;--------------------------------------------------------
                             37 ; Home
                             38 ;--------------------------------------------------------
                             39 	.area _HOME
                             40 	.area _HOME
                             41 ;--------------------------------------------------------
                             42 ; code
                             43 ;--------------------------------------------------------
                             44 	.area _CODE
                             45 	.area _CODE
   0000                      46 _hc_walls_0:
   0000 02                   47 	.db #0x02	; 2
   0001 00                   48 	.db #0x00	; 0
   0002 00                   49 	.db #0x00	; 0
   0003 00                   50 	.db #0x00	; 0
   0004 45                   51 	.db #0x45	; 69	'E'
   0005 03                   52 	.db #0x03	; 3
   0006 00                   53 	.db #0x00	; 0
   0007 41                   54 	.db #0x41	; 65	'A'
   0008 00                   55 	.db #0x00	; 0
   0009 CF                   56 	.db #0xCF	; 207
   000A 01                   57 	.db #0x01	; 1
   000B 02                   58 	.db #0x02	; 2
   000C 82                   59 	.db #0x82	; 130
   000D 00                   60 	.db #0x00	; 0
   000E 8A                   61 	.db #0x8A	; 138
   000F 01                   62 	.db #0x01	; 1
   0010 02                   63 	.db #0x02	; 2
   0011 82                   64 	.db #0x82	; 130
   0012 45                   65 	.db #0x45	; 69	'E'
   0013 8A                   66 	.db #0x8A	; 138
   0014 01                   67 	.db #0x01	; 1
   0015 02                   68 	.db #0x02	; 2
   0016 C3                   69 	.db #0xC3	; 195
   0017 CF                   70 	.db #0xCF	; 207
   0018 8A                   71 	.db #0x8A	; 138
   0019 01                   72 	.db #0x01	; 1
   001A 03                   73 	.db #0x03	; 3
   001B CF                   74 	.db #0xCF	; 207
   001C CF                   75 	.db #0xCF	; 207
   001D 8A                   76 	.db #0x8A	; 138
   001E 01                   77 	.db #0x01	; 1
   001F 03                   78 	.db #0x03	; 3
   0020 CF                   79 	.db #0xCF	; 207
   0021 CF                   80 	.db #0xCF	; 207
   0022 00                   81 	.db #0x00	; 0
   0023 45                   82 	.db #0x45	; 69	'E'
   0024 03                   83 	.db #0x03	; 3
   0025 CB                   84 	.db #0xCB	; 203
   0026 CF                   85 	.db #0xCF	; 207
   0027 00                   86 	.db #0x00	; 0
   0028 CF                   87 	.db #0xCF	; 207
   0029 03                   88 	.db #0x03	; 3
   002A 47                   89 	.db #0x47	; 71	'G'
   002B CF                   90 	.db #0xCF	; 207
   002C 8A                   91 	.db #0x8A	; 138
   002D CF                   92 	.db #0xCF	; 207
   002E 03                   93 	.db #0x03	; 3
   002F 03                   94 	.db #0x03	; 3
   0030 47                   95 	.db #0x47	; 71	'G'
   0031 CF                   96 	.db #0xCF	; 207
   0032                      97 _hc_walls_1:
   0032 00                   98 	.db #0x00	; 0
   0033 00                   99 	.db #0x00	; 0
   0034 00                  100 	.db #0x00	; 0
   0035 00                  101 	.db #0x00	; 0
   0036 00                  102 	.db #0x00	; 0
   0037 00                  103 	.db #0x00	; 0
   0038 00                  104 	.db #0x00	; 0
   0039 00                  105 	.db #0x00	; 0
   003A 00                  106 	.db #0x00	; 0
   003B 00                  107 	.db #0x00	; 0
   003C 01                  108 	.db #0x01	; 1
   003D 00                  109 	.db #0x00	; 0
   003E 00                  110 	.db #0x00	; 0
   003F 00                  111 	.db #0x00	; 0
   0040 8A                  112 	.db #0x8A	; 138
   0041 00                  113 	.db #0x00	; 0
   0042 02                  114 	.db #0x02	; 2
   0043 82                  115 	.db #0x82	; 130
   0044 45                  116 	.db #0x45	; 69	'E'
   0045 00                  117 	.db #0x00	; 0
   0046 00                  118 	.db #0x00	; 0
   0047 02                  119 	.db #0x02	; 2
   0048 C3                  120 	.db #0xC3	; 195
   0049 CF                  121 	.db #0xCF	; 207
   004A 00                  122 	.db #0x00	; 0
   004B 00                  123 	.db #0x00	; 0
   004C 02                  124 	.db #0x02	; 2
   004D 45                  125 	.db #0x45	; 69	'E'
   004E 8A                  126 	.db #0x8A	; 138
   004F 00                  127 	.db #0x00	; 0
   0050 00                  128 	.db #0x00	; 0
   0051 02                  129 	.db #0x02	; 2
   0052 CF                  130 	.db #0xCF	; 207
   0053 00                  131 	.db #0x00	; 0
   0054 00                  132 	.db #0x00	; 0
   0055 00                  133 	.db #0x00	; 0
   0056 03                  134 	.db #0x03	; 3
   0057 CB                  135 	.db #0xCB	; 203
   0058 8A                  136 	.db #0x8A	; 138
   0059 00                  137 	.db #0x00	; 0
   005A CF                  138 	.db #0xCF	; 207
   005B 03                  139 	.db #0x03	; 3
   005C 47                  140 	.db #0x47	; 71	'G'
   005D CF                  141 	.db #0xCF	; 207
   005E 00                  142 	.db #0x00	; 0
   005F 8A                  143 	.db #0x8A	; 138
   0060 00                  144 	.db #0x00	; 0
   0061 03                  145 	.db #0x03	; 3
   0062 02                  146 	.db #0x02	; 2
   0063 CF                  147 	.db #0xCF	; 207
   0064                     148 _hc_walls_2:
   0064 00                  149 	.db #0x00	; 0
   0065 00                  150 	.db #0x00	; 0
   0066 00                  151 	.db #0x00	; 0
   0067 00                  152 	.db #0x00	; 0
   0068 00                  153 	.db #0x00	; 0
   0069 00                  154 	.db #0x00	; 0
   006A 00                  155 	.db #0x00	; 0
   006B 00                  156 	.db #0x00	; 0
   006C 00                  157 	.db #0x00	; 0
   006D 00                  158 	.db #0x00	; 0
   006E 00                  159 	.db #0x00	; 0
   006F 00                  160 	.db #0x00	; 0
   0070 00                  161 	.db #0x00	; 0
   0071 00                  162 	.db #0x00	; 0
   0072 00                  163 	.db #0x00	; 0
   0073 00                  164 	.db #0x00	; 0
   0074 00                  165 	.db #0x00	; 0
   0075 00                  166 	.db #0x00	; 0
   0076 45                  167 	.db #0x45	; 69	'E'
   0077 00                  168 	.db #0x00	; 0
   0078 00                  169 	.db #0x00	; 0
   0079 00                  170 	.db #0x00	; 0
   007A 82                  171 	.db #0x82	; 130
   007B 8A                  172 	.db #0x8A	; 138
   007C 00                  173 	.db #0x00	; 0
   007D 00                  174 	.db #0x00	; 0
   007E 00                  175 	.db #0x00	; 0
   007F 41                  176 	.db #0x41	; 65	'A'
   0080 8A                  177 	.db #0x8A	; 138
   0081 00                  178 	.db #0x00	; 0
   0082 00                  179 	.db #0x00	; 0
   0083 02                  180 	.db #0x02	; 2
   0084 45                  181 	.db #0x45	; 69	'E'
   0085 00                  182 	.db #0x00	; 0
   0086 00                  183 	.db #0x00	; 0
   0087 00                  184 	.db #0x00	; 0
   0088 01                  185 	.db #0x01	; 1
   0089 41                  186 	.db #0x41	; 65	'A'
   008A 8A                  187 	.db #0x8A	; 138
   008B 00                  188 	.db #0x00	; 0
   008C 00                  189 	.db #0x00	; 0
   008D 01                  190 	.db #0x01	; 1
   008E 47                  191 	.db #0x47	; 71	'G'
   008F 8A                  192 	.db #0x8A	; 138
   0090 00                  193 	.db #0x00	; 0
   0091 00                  194 	.db #0x00	; 0
   0092 00                  195 	.db #0x00	; 0
   0093 03                  196 	.db #0x03	; 3
   0094 00                  197 	.db #0x00	; 0
   0095 00                  198 	.db #0x00	; 0
                            199 	.area _INITIALIZER
                            200 	.area _CABS (ABS)
