ASxxxx Assembler V02.00 + NoICE + SDCC mods  (Zilog Z80 / Hitachi HD64180), page 1.
Hexadecimal [16-Bits]



                              1 ;*************************************
                              2 ; RESET
                              3 ;*************************************
                              4 
                              5 .globl _reset_cpc
   0000                       6 _reset_cpc::
   0000 CD 00 00      [17]    7 	call #0000
   0003 C9            [10]    8 	ret
                              9 
                             10 ;*************************************
                             11 ;;cpc_GetSP
                             12 ;; 
                             13 ;;void cpc_GetSp(int *buffer, char height, char width, int *origin)
                             14 ;; 
                             15 ;;Captures a screen area starting from origin and sized by width and height and copy it to buffer.
                             16 ;; 
                             17 ;;Parameters:
                             18 ;;buffer: captured data destination.
                             19 ;;height: capture height.
                             20 ;;width:  capture width.
                             21 ;;origin: capture starting address.
                             22 ;*************************************
                             23 
                             24 .globl _cpc_GetSp
   0004                      25 _cpc_GetSp::
                             26 
   0004 F1            [10]   27 	pop af
                             28 	
   0005 D1            [10]   29 	pop de
   0006 C1            [10]   30 	pop bc
   0007 E1            [10]   31 	pop hl
                             32 	
   0008 F5            [11]   33 	push af
                             34 	
   0009 78            [ 4]   35 	ld a,b
                             36 
   000A 32 20 00      [13]   37 	LD (#loop_alto_2x_GetSp0+1),A
                             38 
   000D D6 01         [ 7]   39 	SUB #1
   000F 2F            [ 4]   40 	CPL
   0010 32 2D 00      [13]   41 	LD (#salto_lineax_GetSp0+1),A    ;comparten los 2 los mismos valores.
                             42 
   0013 FD E5         [15]   43 	push iy
   0015 CD 1B 00      [17]   44 	call _cpc_GetSp0
   0018 FD E1         [14]   45 	pop iy
   001A C9            [10]   46 	ret
                             47 
   001B                      48 _cpc_GetSp0::
   001B FD                   49 	.DB #0XFD
   001C 61            [ 4]   50 	LD H,c		;ALTO, SE PUEDE TRABAJAR CON HX DIRECTAMENTE
   001D 06 07         [ 7]   51 	LD B,#7
   001F                      52 loop_alto_2x_GetSp0:
   001F 0E 00         [ 7]   53 	LD C,#0
   0021                      54 loop_ancho_2x_GetSp0:
   0021 7E            [ 7]   55 	LD A,(HL)
ASxxxx Assembler V02.00 + NoICE + SDCC mods  (Zilog Z80 / Hitachi HD64180), page 2.
Hexadecimal [16-Bits]



   0022 12            [ 7]   56 	LD (DE),A
   0023 13            [ 6]   57 	INC DE
   0024 23            [ 6]   58 	INC HL
   0025 0D            [ 4]   59 	DEC C
   0026 C2 21 00      [10]   60 	JP NZ,loop_ancho_2x_GetSp0
   0029 FD                   61 	.DB #0XFD
   002A 25            [ 4]   62 	DEC H
   002B C8            [11]   63 	RET Z
   002C                      64 salto_lineax_GetSp0:
   002C 0E FF         [ 7]   65 	LD C,#0XFF					;salto linea menos ancho
   002E 09            [11]   66 	ADD HL,BC
   002F D2 1F 00      [10]   67 	JP NC,loop_alto_2x_GetSp0 			;si no desborda va a la siguiente linea
   0032 01 50 C0      [10]   68 	LD BC,#0XC050
   0035 09            [11]   69 	ADD HL,BC
   0036 06 07         [ 7]   70 	LD B,#7						;sólo se daría una de cada 8 veces en un sprite
   0038 C3 1F 00      [10]   71 	JP loop_alto_2x_GetSp0
